This is pdfTeX, Version 3.1415926-1.40.10 (TeX Live 2009/Debian) (format=pdflatex 2011.6.4)  29 FEB 2012 11:34
entering extended mode
 %&-line parsing enabled.
**sgerrish_prefpo
(./sgerrish_prefpo.tex
LaTeX2e <2009/09/24>
Babel <v3.8l> and hyphenation patterns for english, usenglishmax, dumylang, noh
yphenation, loaded.
(/usr/share/texmf/tex/latex/beamer/base/beamer.cls
(/usr/share/texmf/tex/latex/beamer/base/beamerbasercs.sty
Package: beamerbasercs 2007/01/28 (rcs-revision 1.4)
)
Document Class: beamer 2007/03/11 cvs version 3.07 A class for typesetting pres
entations (rcs-revision 1.70)
(/usr/share/texmf/tex/latex/beamer/base/beamerbasemodes.sty
Package: beamerbasemodes 2007/01/28 (rcs-revision 1.22)
\beamer@tempbox=\box26
\beamer@tempcount=\count79
\c@beamerpauses=\count80

(/usr/share/texmf/tex/latex/beamer/base/beamerbasedecode.sty
Package: beamerbasedecode 2007/01/28 (rcs-revision 1.20)
\beamer@slideinframe=\count81
\beamer@minimum=\count82
)
\beamer@commentbox=\box27
\beamer@modecount=\count83
)
\headheight=\dimen102
\headdp=\dimen103
\footheight=\dimen104
\sidebarheight=\dimen105
\beamer@tempdim=\dimen106
\beamer@finalheight=\dimen107
\beamer@animht=\dimen108
\beamer@animdp=\dimen109
\beamer@animwd=\dimen110
\beamer@leftmargin=\dimen111
\beamer@rightmargin=\dimen112
\beamer@leftsidebar=\dimen113
\beamer@rightsidebar=\dimen114
\beamer@boxsize=\dimen115
\beamer@vboxoffset=\dimen116
\beamer@descdefault=\dimen117
\beamer@descriptionwidth=\dimen118
\beamer@lastskip=\skip41
\beamer@areabox=\box28
\beamer@animcurrent=\box29
\beamer@animshowbox=\box30
\beamer@sectionbox=\box31
\beamer@logobox=\box32
\beamer@linebox=\box33
\beamer@sectioncount=\count84
\beamer@subsubsectionmax=\count85
\beamer@subsectionmax=\count86
\beamer@sectionmax=\count87
\beamer@totalheads=\count88
\beamer@headcounter=\count89
\beamer@partstartpage=\count90
\beamer@sectionstartpage=\count91
\beamer@subsectionstartpage=\count92
\beamer@animationtempa=\count93
\beamer@animationtempb=\count94
\beamer@xpos=\count95
\beamer@ypos=\count96
\beamer@showpartnumber=\count97
\beamer@currentsubsection=\count98
\beamer@coveringdepth=\count99
\beamer@sectionadjust=\count100
\beamer@tocsectionnumber=\count101

(/usr/share/texmf/tex/latex/beamer/base/beamerbaseoptions.sty
Package: beamerbaseoptions 2007/01/28 (rcs-revision 1.8)

(/usr/share/texmf-texlive/tex/latex/graphics/keyval.sty
Package: keyval 1999/03/16 v1.13 key=value parser (DPC)
\KV@toks@=\toks14
))
(/usr/share/texmf/tex/latex/pgf/basiclayer/pgfcore.sty
(/usr/share/texmf-texlive/tex/latex/graphics/graphicx.sty
Package: graphicx 1999/02/16 v1.0f Enhanced LaTeX Graphics (DPC,SPQR)

(/usr/share/texmf-texlive/tex/latex/graphics/graphics.sty
Package: graphics 2009/02/05 v1.0o Standard LaTeX Graphics (DPC,SPQR)

(/usr/share/texmf-texlive/tex/latex/graphics/trig.sty
Package: trig 1999/03/16 v1.09 sin cos tan (DPC)
)
(/etc/texmf/tex/latex/config/graphics.cfg
File: graphics.cfg 2009/08/28 v1.8 graphics configuration of TeX Live
)
Package graphics Info: Driver file: pdftex.def on input line 91.

(/usr/share/texmf-texlive/tex/latex/pdftex-def/pdftex.def
File: pdftex.def 2009/08/25 v0.04m Graphics/color for pdfTeX
\Gread@gobject=\count102
))
\Gin@req@height=\dimen119
\Gin@req@width=\dimen120
)
(/usr/share/texmf/tex/latex/pgf/systemlayer/pgfsys.sty
(/usr/share/texmf/tex/latex/pgf/utilities/pgfrcs.sty
(/usr/share/texmf/tex/generic/pgf/utilities/pgfutil-common.tex
\pgfutil@everybye=\toks15
)
(/usr/share/texmf/tex/generic/pgf/utilities/pgfutil-latex.def)
(/usr/share/texmf/tex/generic/pgf/utilities/pgfrcs.code.tex
Package: pgfrcs 2008/02/20 v2.00 (rcs-revision 1.21)
))
(/usr/share/texmf/tex/generic/pgf/systemlayer/pgfsys.code.tex
Package: pgfsys 2008/02/07 v2.00 (rcs-revision 1.31)

(/usr/share/texmf/tex/generic/pgf/utilities/pgfkeys.code.tex
\pgfkeys@pathtoks=\toks16
\pgfkeys@temptoks=\toks17
)
\pgf@x=\dimen121
\pgf@y=\dimen122
\pgf@xa=\dimen123
\pgf@ya=\dimen124
\pgf@xb=\dimen125
\pgf@yb=\dimen126
\pgf@xc=\dimen127
\pgf@yc=\dimen128
\c@pgf@counta=\count103
\c@pgf@countb=\count104
\c@pgf@countc=\count105
\c@pgf@countd=\count106

(/usr/share/texmf/tex/generic/pgf/systemlayer/pgf.cfg
File: pgf.cfg 2008/01/13  (rcs-revision 1.6)
)
Package pgfsys Info: Driver file for pgf: pgfsys-pdftex.def on input line 885.

(/usr/share/texmf/tex/generic/pgf/systemlayer/pgfsys-pdftex.def
File: pgfsys-pdftex.def 2007/12/20  (rcs-revision 1.20)

(/usr/share/texmf/tex/generic/pgf/systemlayer/pgfsys-common-pdf.def
File: pgfsys-common-pdf.def 2007/12/17  (rcs-revision 1.8)
)))
(/usr/share/texmf/tex/generic/pgf/systemlayer/pgfsyssoftpath.code.tex
File: pgfsyssoftpath.code.tex 2008/01/23  (rcs-revision 1.6)
\pgfsyssoftpath@smallbuffer@items=\count107
\pgfsyssoftpath@bigbuffer@items=\count108
)
(/usr/share/texmf/tex/generic/pgf/systemlayer/pgfsysprotocol.code.tex
File: pgfsysprotocol.code.tex 2006/10/16  (rcs-revision 1.4)
))
(/usr/share/texmf/tex/latex/xcolor/xcolor.sty
Package: xcolor 2007/01/21 v2.11 LaTeX color extensions (UK)

(/etc/texmf/tex/latex/config/color.cfg
File: color.cfg 2007/01/18 v1.5 color configuration of teTeX/TeXLive
)
Package xcolor Info: Driver file: pdftex.def on input line 225.
Package xcolor Info: Model `cmy' substituted by `cmy0' on input line 1337.
Package xcolor Info: Model `hsb' substituted by `rgb' on input line 1341.
Package xcolor Info: Model `RGB' extended on input line 1353.
Package xcolor Info: Model `HTML' substituted by `rgb' on input line 1355.
Package xcolor Info: Model `Hsb' substituted by `hsb' on input line 1356.
Package xcolor Info: Model `tHsb' substituted by `hsb' on input line 1357.
Package xcolor Info: Model `HSB' substituted by `hsb' on input line 1358.
Package xcolor Info: Model `Gray' substituted by `gray' on input line 1359.
Package xcolor Info: Model `wave' substituted by `hsb' on input line 1360.
)
(/usr/share/texmf/tex/generic/pgf/basiclayer/pgfcore.code.tex
Package: pgfcore 2008/01/15 v2.00 (rcs-revision 1.6)

(/usr/share/texmf/tex/generic/pgf/math/pgfmath.code.tex
(/usr/share/texmf/tex/generic/pgf/math/pgfmathcalc.code.tex
(/usr/share/texmf/tex/generic/pgf/math/pgfmathutil.code.tex
\pgfmath@box=\box34
)
(/usr/share/texmf/tex/generic/pgf/math/pgfmathparser.code.tex
\pgfmath@stack=\toks18
\c@pgfmath@parsecounta=\count109
\c@pgfmath@parsecountb=\count110
\c@pgfmath@parsecountc=\count111
\pgfmath@parsex=\dimen129
)
(/usr/share/texmf/tex/generic/pgf/math/pgfmathoperations.code.tex
(/usr/share/texmf/tex/generic/pgf/math/pgfmathtrig.code.tex)
(/usr/share/texmf/tex/generic/pgf/math/pgfmathrnd.code.tex))
(/usr/share/texmf/tex/generic/pgf/math/pgfmathbase.code.tex)))
(/usr/share/texmf/tex/generic/pgf/basiclayer/pgfcorepoints.code.tex
File: pgfcorepoints.code.tex 2008/02/03  (rcs-revision 1.13)
\pgf@picminx=\dimen130
\pgf@picmaxx=\dimen131
\pgf@picminy=\dimen132
\pgf@picmaxy=\dimen133
\pgf@pathminx=\dimen134
\pgf@pathmaxx=\dimen135
\pgf@pathminy=\dimen136
\pgf@pathmaxy=\dimen137
\pgf@xx=\dimen138
\pgf@xy=\dimen139
\pgf@yx=\dimen140
\pgf@yy=\dimen141
\pgf@zx=\dimen142
\pgf@zy=\dimen143
)
(/usr/share/texmf/tex/generic/pgf/basiclayer/pgfcorepathconstruct.code.tex
File: pgfcorepathconstruct.code.tex 2008/02/13  (rcs-revision 1.14)
\pgf@path@lastx=\dimen144
\pgf@path@lasty=\dimen145
)
(/usr/share/texmf/tex/generic/pgf/basiclayer/pgfcorepathusage.code.tex
File: pgfcorepathusage.code.tex 2008/01/23  (rcs-revision 1.11)
\pgf@shorten@end@additional=\dimen146
\pgf@shorten@start@additional=\dimen147
)
(/usr/share/texmf/tex/generic/pgf/basiclayer/pgfcorescopes.code.tex
File: pgfcorescopes.code.tex 2008/01/15  (rcs-revision 1.26)
\pgfpic=\box35
\pgf@hbox=\box36
\pgf@layerbox@main=\box37
\pgf@picture@serial@count=\count112
)
(/usr/share/texmf/tex/generic/pgf/basiclayer/pgfcoregraphicstate.code.tex
File: pgfcoregraphicstate.code.tex 2007/12/12  (rcs-revision 1.8)
\pgflinewidth=\dimen148
)
(/usr/share/texmf/tex/generic/pgf/basiclayer/pgfcoretransformations.code.tex
File: pgfcoretransformations.code.tex 2008/02/04  (rcs-revision 1.10)
\pgf@pt@x=\dimen149
\pgf@pt@y=\dimen150
\pgf@pt@temp=\dimen151
)
(/usr/share/texmf/tex/generic/pgf/basiclayer/pgfcorequick.code.tex
File: pgfcorequick.code.tex 2006/10/11  (rcs-revision 1.2)
)
(/usr/share/texmf/tex/generic/pgf/basiclayer/pgfcoreobjects.code.tex
File: pgfcoreobjects.code.tex 2006/10/11  (rcs-revision 1.2)
)
(/usr/share/texmf/tex/generic/pgf/basiclayer/pgfcorepathprocessing.code.tex
File: pgfcorepathprocessing.code.tex 2008/01/23  (rcs-revision 1.7)
)
(/usr/share/texmf/tex/generic/pgf/basiclayer/pgfcorearrows.code.tex
File: pgfcorearrows.code.tex 2007/06/07  (rcs-revision 1.8)
)
(/usr/share/texmf/tex/generic/pgf/basiclayer/pgfcoreshade.code.tex
File: pgfcoreshade.code.tex 2007/12/10  (rcs-revision 1.9)
\pgf@max=\dimen152
\pgf@sys@shading@range@num=\count113
)
(/usr/share/texmf/tex/generic/pgf/basiclayer/pgfcoreimage.code.tex
File: pgfcoreimage.code.tex 2008/01/15  (rcs-revision 1.1)
\pgfexternal@startupbox=\box38
)
(/usr/share/texmf/tex/generic/pgf/basiclayer/pgfcorelayers.code.tex
File: pgfcorelayers.code.tex 2008/01/15  (rcs-revision 1.1)
)
(/usr/share/texmf/tex/generic/pgf/basiclayer/pgfcoretransparency.code.tex
File: pgfcoretransparency.code.tex 2008/01/17  (rcs-revision 1.2)
)
(/usr/share/texmf/tex/generic/pgf/basiclayer/pgfcorepatterns.code.tex
File: pgfcorepatterns.code.tex 2008/01/15  (rcs-revision 1.1)
)))
(/usr/share/texmf/tex/latex/pgf/basiclayer/pgfbaseimage.sty

Package pgf Warning: This package is obsolete and no longer needed on input lin
e 13.

) (/usr/share/texmf/tex/latex/pgf/utilities/xxcolor.sty
Package: xxcolor 2003/10/24 ver 0.1
\XC@nummixins=\count114
\XC@countmixins=\count115
)
(/usr/share/texmf-texlive/tex/latex/amsfonts/amssymb.sty
Package: amssymb 2009/06/22 v3.00

(/usr/share/texmf-texlive/tex/latex/amsfonts/amsfonts.sty
Package: amsfonts 2009/06/22 v3.00 Basic AMSFonts support
\@emptytoks=\toks19
\symAMSa=\mathgroup4
\symAMSb=\mathgroup5
LaTeX Font Info:    Overwriting math alphabet `\mathfrak' in version `bold'
(Font)                  U/euf/m/n --> U/euf/b/n on input line 96.
))
(/usr/share/texmf-texlive/tex/latex/geometry/geometry.sty
Package: geometry 2008/12/21 v4.2 Page Geometry

(/usr/share/texmf-texlive/tex/generic/oberdiek/ifpdf.sty
Package: ifpdf 2009/04/10 v2.0 Provides the ifpdf switch (HO)
Package ifpdf Info: pdfTeX in pdf mode detected.
)
(/usr/share/texmf-texlive/tex/generic/oberdiek/ifvtex.sty
Package: ifvtex 2008/11/04 v1.4 Switches for detecting VTeX and its modes (HO)
Package ifvtex Info: VTeX not detected.
)
\Gm@cnth=\count116
\Gm@cntv=\count117
\c@Gm@tempcnt=\count118
\Gm@bindingoffset=\dimen153
\Gm@wd@mp=\dimen154
\Gm@odd@mp=\dimen155
\Gm@even@mp=\dimen156
\Gm@dimlist=\toks20
)
(/usr/share/texmf-texlive/tex/latex/hyperref/hyperref.sty
Package: hyperref 2009/10/09 v6.79a Hypertext links for LaTeX

(/usr/share/texmf-texlive/tex/generic/ifxetex/ifxetex.sty
Package: ifxetex 2009/01/23 v0.5 Provides ifxetex conditional
)
(/usr/share/texmf-texlive/tex/latex/oberdiek/hycolor.sty
Package: hycolor 2009/10/02 v1.5 Code for color options of hyperref/bookmark (H
O)

(/usr/share/texmf-texlive/tex/latex/oberdiek/xcolor-patch.sty
Package: xcolor-patch 2009/10/02 xcolor patch
))
\@linkdim=\dimen157
\Hy@linkcounter=\count119
\Hy@pagecounter=\count120

(/usr/share/texmf-texlive/tex/latex/hyperref/pd1enc.def
File: pd1enc.def 2009/10/09 v6.79a Hyperref: PDFDocEncoding definition (HO)
)
(/usr/share/texmf-texlive/tex/generic/oberdiek/etexcmds.sty
Package: etexcmds 2007/12/12 v1.2 Prefix for e-TeX command names (HO)

(/usr/share/texmf-texlive/tex/generic/oberdiek/infwarerr.sty
Package: infwarerr 2007/09/09 v1.2 Providing info/warning/message (HO)
)
Package etexcmds Info: Could not find \expanded.
(etexcmds)             That can mean that you are not using pdfTeX 1.50 or
(etexcmds)             that some package has redefined \expanded.
(etexcmds)             In the latter case, load this package earlier.
)
(/usr/share/texmf-texlive/tex/latex/latexconfig/hyperref.cfg
File: hyperref.cfg 2002/06/06 v1.2 hyperref configuration of TeXLive
)
(/usr/share/texmf-texlive/tex/latex/oberdiek/kvoptions.sty
Package: kvoptions 2009/08/13 v3.4 Keyval support for LaTeX options (HO)

(/usr/share/texmf-texlive/tex/generic/oberdiek/kvsetkeys.sty
Package: kvsetkeys 2009/07/30 v1.5 Key value parser with default handler suppor
t (HO)
))
Package hyperref Info: Option `bookmarks' set `true' on input line 2864.
Package hyperref Info: Option `bookmarksopen' set `true' on input line 2864.
Package hyperref Info: Option `implicit' set `false' on input line 2864.
Package hyperref Info: Hyper figures OFF on input line 2975.
Package hyperref Info: Link nesting OFF on input line 2980.
Package hyperref Info: Hyper index ON on input line 2983.
Package hyperref Info: Plain pages OFF on input line 2990.
Package hyperref Info: Backreferencing OFF on input line 2995.

Implicit mode OFF; no redefinition of LaTeX internals
Package hyperref Info: Bookmarks ON on input line 3191.
(/usr/share/texmf-texlive/tex/latex/ltxmisc/url.sty
\Urlmuskip=\muskip10
Package: url 2006/04/12  ver 3.3  Verb mode for urls, etc.
)
LaTeX Info: Redefining \url on input line 3428.

(/usr/share/texmf-texlive/tex/generic/oberdiek/bitset.sty
Package: bitset 2007/09/28 v1.0 Data type bit set (HO)

(/usr/share/texmf-texlive/tex/generic/oberdiek/intcalc.sty
Package: intcalc 2007/09/27 v1.1 Expandable integer calculations (HO)
)
(/usr/share/texmf-texlive/tex/generic/oberdiek/bigintcalc.sty
Package: bigintcalc 2007/11/11 v1.1 Expandable big integer calculations (HO)

(/usr/share/texmf-texlive/tex/generic/oberdiek/pdftexcmds.sty
Package: pdftexcmds 2009/09/23 v0.6 LuaTeX support for pdfTeX utility functions
 (HO)

(/usr/share/texmf-texlive/tex/generic/oberdiek/ifluatex.sty
Package: ifluatex 2009/04/17 v1.2 Provides the ifluatex switch (HO)
Package ifluatex Info: LuaTeX not detected.
)
(/usr/share/texmf-texlive/tex/generic/oberdiek/ltxcmds.sty
Package: ltxcmds 2009/08/05 v1.0 Some LaTeX kernel commands for general use (HO
)
)
Package pdftexcmds Info: LuaTeX not detected.
Package pdftexcmds Info: \pdf@primitive is available.
Package pdftexcmds Info: \pdf@ifprimitive is available.
)))
\Fld@menulength=\count121
\Field@Width=\dimen158
\Fld@charsize=\dimen159
\Field@toks=\toks21
Package hyperref Info: Hyper figures OFF on input line 4377.
Package hyperref Info: Link nesting OFF on input line 4382.
Package hyperref Info: Hyper index ON on input line 4385.
Package hyperref Info: backreferencing OFF on input line 4392.
Package hyperref Info: Link coloring OFF on input line 4397.
Package hyperref Info: Link coloring with OCG OFF on input line 4402.
Package hyperref Info: PDF/A mode OFF on input line 4407.

(/usr/share/texmf-texlive/tex/generic/oberdiek/atbegshi.sty
Package: atbegshi 2008/07/31 v1.9 At begin shipout hook (HO)
)

Package hyperref Warning: Option `pdfpagelabels' is turned off
(hyperref)                because \thepage is undefined.

Hyperref stopped early
)
*hyperref using default driver hpdftex*
(/usr/share/texmf-texlive/tex/latex/hyperref/hpdftex.def
File: hpdftex.def 2009/10/09 v6.79a Hyperref driver for pdfTeX
\Fld@listcount=\count122
)
(/usr/share/texmf-texlive/tex/latex/base/size11.clo
File: size11.clo 2007/10/19 v1.4h Standard LaTeX file (size option)
)
(/usr/share/texmf/tex/latex/beamer/base/beamerbasecompatibility.sty
Package: beamerbasecompatibility 2007/01/28  (rcs-revision 1.63)
)
(/usr/share/texmf/tex/latex/beamer/base/beamerbasefont.sty
Package: beamerbasefont 2007/01/28  (rcs-revision 1.16)
)
(/usr/share/texmf/tex/latex/beamer/base/beamerbasemisc.sty
Package: beamerbasemisc 2007/01/28  (rcs-revision 1.24)
)
(/usr/share/texmf/tex/latex/beamer/base/beamerbasetwoscreens.sty
Package: beamerbasetwoscreens 2007/01/28  (rcs-revision 1.7)
)
(/usr/share/texmf/tex/latex/beamer/base/beamerbaseoverlay.sty
Package: beamerbaseoverlay 2007/01/28  (rcs-revision 1.50)
\beamer@argscount=\count123
\beamer@lastskipcover=\skip42
\beamer@trivlistdepth=\count124
)
(/usr/share/texmf/tex/latex/beamer/base/beamerbasetitle.sty
Package: beamerbasetitle 2007/01/28  (rcs-revision 1.25)
)
(/usr/share/texmf/tex/latex/beamer/base/beamerbasesection.sty
Package: beamerbasesection 2007/01/28  (rcs-revision 1.21)
\c@lecture=\count125
\c@part=\count126
\c@section=\count127
\c@subsection=\count128
\c@subsubsection=\count129
)
(/usr/share/texmf/tex/latex/beamer/base/beamerbaseframe.sty
Package: beamerbaseframe 2007/01/28  (rcs-revision 1.60)
\beamer@framebox=\box39
\beamer@frametitlebox=\box40
\beamer@zoombox=\box41
\beamer@zoomcount=\count130
\beamer@zoomframecount=\count131
\beamer@frametextheight=\dimen160
\c@subsectionslide=\count132
\beamer@frametopskip=\skip43
\beamer@framebottomskip=\skip44
\beamer@frametopskipautobreak=\skip45
\beamer@framebottomskipautobreak=\skip46
\beamer@envbody=\toks22
\c@framenumber=\count133
)
(/usr/share/texmf/tex/latex/beamer/base/beamerbaseverbatim.sty
Package: beamerbaseverbatim 2007/01/28  (rcs-revision 1.8)
\beamer@verbatimfileout=\write3
)
(/usr/share/texmf/tex/latex/beamer/base/beamerbaseframesize.sty
Package: beamerbaseframesize 2007/01/28  (rcs-revision 1.18)
\beamer@splitbox=\box42
\beamer@autobreakcount=\count134
\beamer@autobreaklastheight=\dimen161
\beamer@frametitletoks=\toks23
\beamer@framesubtitletoks=\toks24
)
(/usr/share/texmf/tex/latex/beamer/base/beamerbaseframecomponents.sty
Package: beamerbaseframecomponents 2007/01/28  (rcs-revision 1.41)
\beamer@footins=\box43
)
(/usr/share/texmf/tex/latex/beamer/base/beamerbasecolor.sty
Package: beamerbasecolor 2007/01/28  (rcs-revision 1.42)
)
(/usr/share/texmf/tex/latex/beamer/base/beamerbasenotes.sty
Package: beamerbasenotes 2007/01/28  (rcs-revision 1.23)
\beamer@frameboxcopy=\box44
)
(/usr/share/texmf/tex/latex/beamer/base/beamerbasetoc.sty
Package: beamerbasetoc 2007/01/28  (rcs-revision 1.21)
)
(/usr/share/texmf/tex/latex/beamer/base/beamerbasetemplates.sty
Package: beamerbasetemplates 2007/01/28  (rcs-revision 1.51)
\beamer@sbttoks=\toks25

(/usr/share/texmf/tex/latex/beamer/base/beamerbaseauxtemplates.sty
Package: beamerbaseauxtemplates 2007/01/28  (rcs-revision 1.28)

(/usr/share/texmf/tex/latex/beamer/base/beamerbaseboxes.sty
Package: beamerbaseboxes 2007/03/11  (rcs-revision 1.32)
\bmb@box=\box45
\bmb@colorbox=\box46
\bmb@boxshadow=\box47
\bmb@boxshadowball=\box48
\bmb@boxshadowballlarge=\box49
\bmb@temp=\dimen162
\bmb@dima=\dimen163
\bmb@dimb=\dimen164
\bmb@prevheight=\dimen165
)
\beamer@blockheadheight=\dimen166
))
(/usr/share/texmf/tex/latex/beamer/base/beamerbaselocalstructure.sty
Package: beamerbaselocalstructure 2007/01/28  (rcs-revision 1.53)

(/usr/share/texmf-texlive/tex/latex/tools/enumerate.sty
Package: enumerate 1999/03/05 v3.00 enumerate extensions (DPC)
\@enLab=\toks26
)
\c@figure=\count135
\c@table=\count136
\abovecaptionskip=\skip47
\belowcaptionskip=\skip48
)
(/usr/share/texmf/tex/latex/beamer/base/beamerbasenavigation.sty
Package: beamerbasenavigation 2007/01/28  (rcs-revision 1.36)
)
(/usr/share/texmf/tex/latex/beamer/base/beamerbasetheorems.sty
Package: beamerbasetheorems 2007/01/28  (rcs-revision 1.10)

(/usr/share/texmf-texlive/tex/latex/amsmath/amsmath.sty
Package: amsmath 2000/07/18 v2.13 AMS math features
\@mathmargin=\skip49

For additional information on amsmath, use the `?' option.
(/usr/share/texmf-texlive/tex/latex/amsmath/amstext.sty
Package: amstext 2000/06/29 v2.01

(/usr/share/texmf-texlive/tex/latex/amsmath/amsgen.sty
File: amsgen.sty 1999/11/30 v2.0
\@emptytoks=\toks27
\ex@=\dimen167
))
(/usr/share/texmf-texlive/tex/latex/amsmath/amsbsy.sty
Package: amsbsy 1999/11/29 v1.2d
\pmbraise@=\dimen168
)
(/usr/share/texmf-texlive/tex/latex/amsmath/amsopn.sty
Package: amsopn 1999/12/14 v2.01 operator names
)
\inf@bad=\count137
LaTeX Info: Redefining \frac on input line 211.
\uproot@=\count138
\leftroot@=\count139
LaTeX Info: Redefining \overline on input line 307.
\classnum@=\count140
\DOTSCASE@=\count141
LaTeX Info: Redefining \ldots on input line 379.
LaTeX Info: Redefining \dots on input line 382.
LaTeX Info: Redefining \cdots on input line 467.
\Mathstrutbox@=\box50
\strutbox@=\box51
\big@size=\dimen169
LaTeX Font Info:    Redeclaring font encoding OML on input line 567.
LaTeX Font Info:    Redeclaring font encoding OMS on input line 568.
\macc@depth=\count142
\c@MaxMatrixCols=\count143
\dotsspace@=\muskip11
\c@parentequation=\count144
\dspbrk@lvl=\count145
\tag@help=\toks28
\row@=\count146
\column@=\count147
\maxfields@=\count148
\andhelp@=\toks29
\eqnshift@=\dimen170
\alignsep@=\dimen171
\tagshift@=\dimen172
\tagwidth@=\dimen173
\totwidth@=\dimen174
\lineht@=\dimen175
\@envbody=\toks30
\multlinegap=\skip50
\multlinetaggap=\skip51
\mathdisplay@stack=\toks31
LaTeX Info: Redefining \[ on input line 2666.
LaTeX Info: Redefining \] on input line 2667.
)
(/usr/share/texmf-texlive/tex/latex/amscls/amsthm.sty
Package: amsthm 2004/08/06 v2.20
\thm@style=\toks32
\thm@bodyfont=\toks33
\thm@headfont=\toks34
\thm@notefont=\toks35
\thm@headpunct=\toks36
\thm@preskip=\skip52
\thm@postskip=\skip53
\thm@headsep=\skip54
\dth@everypar=\toks37
)
\c@theorem=\count149
)
(/usr/share/texmf/tex/latex/beamer/base/beamerbasethemes.sty
Package: beamerbasethemes 2007/01/28  (rcs-revision 1.10)
)
(/usr/share/texmf/tex/latex/beamer/themes/theme/beamerthemedefault.sty
Package: beamerthemedefault 2007/01/28  (rcs-revision 1.7)

(/usr/share/texmf/tex/latex/beamer/themes/font/beamerfontthemedefault.sty
Package: beamerfontthemedefault 2007/01/28  (rcs-revision 1.13)
)
(/usr/share/texmf/tex/latex/beamer/themes/color/beamercolorthemedefault.sty
Package: beamercolorthemedefault 2007/01/28  (rcs-revision 1.28)
)
(/usr/share/texmf/tex/latex/beamer/themes/inner/beamerinnerthemedefault.sty
Package: beamerinnerthemedefault 2007/01/28  (rcs-revision 1.20)
\beamer@dima=\dimen176
\beamer@dimb=\dimen177
)
(/usr/share/texmf/tex/latex/beamer/themes/outer/beamerouterthemedefault.sty
Package: beamerouterthemedefault 2007/01/28  (rcs-revision 1.14)
)))
(./beamerthemeGerrish.sty

LaTeX Warning: You have requested package `beamerthemeGerrish',
               but the package provides `beamerthemeSingapore'.

Package: beamerthemeSingapore 2004/10/11  (rcs-revision 1.9)
) (/usr/share/texmf-texlive/tex/latex/amsfonts/euscript.sty
Package: euscript 2009/06/22 v3.00 Euler Script fonts
LaTeX Font Info:    Overwriting math alphabet `\EuScript' in version `bold'
(Font)                  U/eus/m/n --> U/eus/b/n on input line 33.
)
(/usr/share/texmf-texlive/tex/latex/tools/array.sty
Package: array 2008/09/09 v2.4c Tabular extension package (FMi)
\col@sep=\dimen178
\extrarowheight=\dimen179
\NC@list=\toks38
\extratabsurround=\skip55
\backup@length=\skip56
)
(/usr/share/texmf-texlive/tex/latex/tools/bm.sty
Package: bm 2004/02/26 v1.1c Bold Symbol Support (DPC/FMi)
\symboldoperators=\mathgroup6
\symboldletters=\mathgroup7
\symboldsymbols=\mathgroup8
LaTeX Font Info:    Redeclaring math alphabet \mathbf on input line 138.
LaTeX Info: Redefining \bm on input line 204.
) (./wrapfig.sty
\wrapoverhang=\dimen180
\WF@size=\dimen181
\c@WF@wrappedlines=\count150
\WF@box=\box52
\WF@everypar=\toks39
Package: wrapfig 2003/01/31  v 3.6
)
(./multirow.sty
\bigstrutjot=\dimen182
)

Package hyperref Warning: Token not allowed in a PDF string (PDFDocEncoding):
(hyperref)                removing `\\' on input line 44.


Package hyperref Warning: Token not allowed in a PDF string (PDFDocEncoding):
(hyperref)                removing `\\' on input line 44.

(./sgerrish_prefpo.aux)
\openout1 = `sgerrish_prefpo.aux'.

LaTeX Font Info:    Checking defaults for OML/cmm/m/it on input line 48.
LaTeX Font Info:    ... okay on input line 48.
LaTeX Font Info:    Checking defaults for T1/cmr/m/n on input line 48.
LaTeX Font Info:    ... okay on input line 48.
LaTeX Font Info:    Checking defaults for OT1/cmr/m/n on input line 48.
LaTeX Font Info:    ... okay on input line 48.
LaTeX Font Info:    Checking defaults for OMS/cmsy/m/n on input line 48.
LaTeX Font Info:    ... okay on input line 48.
LaTeX Font Info:    Checking defaults for OMX/cmex/m/n on input line 48.
LaTeX Font Info:    ... okay on input line 48.
LaTeX Font Info:    Checking defaults for U/cmr/m/n on input line 48.
LaTeX Font Info:    ... okay on input line 48.
LaTeX Font Info:    Checking defaults for PD1/pdf/m/n on input line 48.
LaTeX Font Info:    ... okay on input line 48.

(/usr/share/texmf-texlive/tex/context/base/supp-pdf.mkii
[Loading MPS to PDF converter (version 2006.09.02).]
\scratchcounter=\count151
\scratchdimen=\dimen183
\scratchbox=\box53
\nofMPsegments=\count152
\nofMParguments=\count153
\everyMPshowfont=\toks40
\MPscratchCnt=\count154
\MPscratchDim=\dimen184
\MPnumerator=\count155
\everyMPtoPDFconversion=\toks41
)
*geometry auto-detecting driver*
*geometry detected driver: pdftex*
-------------------- Geometry parameters
paper: user defined
landscape: --
twocolumn: --
twoside: --
asymmetric: --
h-parts: 0.0pt, 335.74261pt, 28.45274pt
v-parts: 0.0pt, 273.14662pt, 0.0pt
hmarginratio: --
vmarginratio: --
lines: --
heightrounded: --
bindingoffset: 0.0pt
truedimen: --
includehead: true
includefoot: true
includemp: --
driver: pdftex
-------------------- Page layout dimensions and switches
\paperwidth  364.19536pt
\paperheight 273.14662pt
\textwidth  335.74261pt
\textheight 244.6939pt
\oddsidemargin  -72.26999pt
\evensidemargin -72.26999pt
\topmargin  -72.26999pt
\headheight 14.22636pt
\headsep    0.0pt
\footskip   14.22636pt
\marginparwidth 4.0pt
\marginparsep   10.0pt
\columnsep  10.0pt
\skip\footins  10.0pt plus 4.0pt minus 2.0pt
\hoffset 0.0pt
\voffset 0.0pt
\mag 1000

(1in=72.27pt, 1cm=28.45pt)
-----------------------
Package hyperref Info: Link coloring OFF on input line 48.
(/usr/share/texmf-texlive/tex/latex/hyperref/nameref.sty
Package: nameref 2007/05/29 v2.31 Cross-referencing by name of section

(/usr/share/texmf-texlive/tex/latex/oberdiek/refcount.sty
Package: refcount 2008/08/11 v3.1 Data extraction from references (HO)
)
\c@section@level=\count156
)
LaTeX Info: Redefining \ref on input line 48.
LaTeX Info: Redefining \pageref on input line 48.

(./sgerrish_prefpo.out) (./sgerrish_prefpo.out)
\@outlinefile=\write4
\openout4 = `sgerrish_prefpo.out'.

\AtBeginShipoutBox=\box54
LaTeX Font Info:    Overwriting symbol font `operators' in version `normal'
(Font)                  OT1/cmr/m/n --> OT1/cmss/m/n on input line 48.
LaTeX Font Info:    Overwriting symbol font `operators' in version `bold'
(Font)                  OT1/cmr/bx/n --> OT1/cmss/bx/n on input line 48.
\symnumbers=\mathgroup9
\sympureletters=\mathgroup10
LaTeX Font Info:    Overwriting math alphabet `\mathrm' in version `normal'
(Font)                  OT1/cmss/m/n --> OT1/cmr/m/n on input line 48.
LaTeX Font Info:    Redeclaring math alphabet \mathbf on input line 48.
LaTeX Font Info:    Redeclaring math alphabet \mathsf on input line 48.
LaTeX Font Info:    Overwriting math alphabet `\mathsf' in version `normal'
(Font)                  OT1/cmss/m/n --> OT1/cmss/m/n on input line 48.
LaTeX Font Info:    Overwriting math alphabet `\mathsf' in version `bold'
(Font)                  OT1/cmss/bx/n --> OT1/cmss/m/n on input line 48.
LaTeX Font Info:    Redeclaring math alphabet \mathit on input line 48.
LaTeX Font Info:    Overwriting math alphabet `\mathit' in version `normal'
(Font)                  OT1/cmr/m/it --> OT1/cmss/m/it on input line 48.
LaTeX Font Info:    Overwriting math alphabet `\mathit' in version `bold'
(Font)                  OT1/cmr/bx/it --> OT1/cmss/m/it on input line 48.
LaTeX Font Info:    Redeclaring math alphabet \mathtt on input line 48.
LaTeX Font Info:    Overwriting math alphabet `\mathtt' in version `normal'
(Font)                  OT1/cmtt/m/n --> OT1/cmtt/m/n on input line 48.
LaTeX Font Info:    Overwriting math alphabet `\mathtt' in version `bold'
(Font)                  OT1/cmtt/m/n --> OT1/cmtt/m/n on input line 48.
LaTeX Font Info:    Overwriting symbol font `numbers' in version `bold'
(Font)                  OT1/cmss/m/n --> OT1/cmss/bx/n on input line 48.
LaTeX Font Info:    Overwriting symbol font `pureletters' in version `bold'
(Font)                  OT1/cmss/m/it --> OT1/cmss/bx/it on input line 48.
LaTeX Font Info:    Overwriting math alphabet `\mathrm' in version `bold'
(Font)                  OT1/cmss/bx/n --> OT1/cmr/bx/n on input line 48.
LaTeX Font Info:    Overwriting math alphabet `\mathbf' in version `bold'
(Font)                  OT1/cmss/bx/n --> OT1/cmss/bx/n on input line 48.
LaTeX Font Info:    Overwriting math alphabet `\mathsf' in version `bold'
(Font)                  OT1/cmss/m/n --> OT1/cmss/bx/n on input line 48.
LaTeX Font Info:    Overwriting math alphabet `\mathit' in version `bold'
(Font)                  OT1/cmss/m/it --> OT1/cmss/bx/it on input line 48.
LaTeX Font Info:    Overwriting math alphabet `\mathtt' in version `bold'
(Font)                  OT1/cmtt/m/n --> OT1/cmtt/bx/n on input line 48.
 (./sgerrish_prefpo.nav)

LaTeX Font Warning: Font shape `OT1/cmss/m/n' in size <4> not available
(Font)              size <5> substituted on input line 49.

[1

{/var/lib/texmf/fonts/map/pdftex/updmap/pdftex.map}]
Missing character: There is no ‚ in font cmss8!
Missing character: There is no Ä in font cmss8!
Missing character: There is no ú in font cmss8!
Missing character: There is no ‚ in font cmss8!
Missing character: There is no Ä in font cmss8!
Missing character: There is no ù in font cmss8!

<figs/news.jpg, id=44, 456.70625pt x 357.335pt>
File: figs/news.jpg Graphic file (type jpg)
 <use figs/news.jpg>
Overfull \hbox (33.5881pt too wide) in paragraph at lines 83--83
 [] 
 []


Overfull \vbox (18.05313pt too high) detected at line 83
 []

[2

 <./figs/news.jpg>]
LaTeX Font Info:    Try loading font information for OMS+cmss on input line 103
.
LaTeX Font Info:    No file OMScmss.fd. on input line 103.


LaTeX Font Warning: Font shape `OMS/cmss/m/n' undefined
(Font)              using `OMS/cmsy/m/n' instead
(Font)              for symbol `textbullet' on input line 103.

[3

] <figs/citation_network.pdf, id=58, 825.0825pt x 383.4325pt>
File: figs/citation_network.pdf Graphic file (type pdf)

<use figs/citation_network.pdf>
Overfull \vbox (76.82425pt too high) detected at line 146
 []

[4

 <./figs/citation_network.pdf>]
<figs/no_citation_network.pdf, id=70, 825.0825pt x 383.4325pt>
File: figs/no_citation_network.pdf Graphic file (type pdf)

<use figs/no_citation_network.pdf> [5

 <./figs/no_citation_network.pdf>]
<figs/influence_intuition.pdf, id=78, 1088.065pt x 469.755pt>
File: figs/influence_intuition.pdf Graphic file (type pdf)

<use figs/influence_intuition.pdf> [6

 <./figs/influence_intuition.pdf>]
LaTeX Font Info:    Try loading font information for U+msa on input line 223.

(/usr/share/texmf-texlive/tex/latex/amsfonts/umsa.fd
File: umsa.fd 2009/06/22 v3.00 AMS symbols A
)
LaTeX Font Info:    Try loading font information for U+msb on input line 223.

(/usr/share/texmf-texlive/tex/latex/amsfonts/umsb.fd
File: umsb.fd 2009/06/22 v3.00 AMS symbols B
)
<figs/topics.pdf, id=87, 751.84674pt x 346.04713pt>
File: figs/topics.pdf Graphic file (type pdf)
 <use figs/topics.pdf>
<figs/dtm.pdf, id=89, 288.27701pt x 268.20201pt>
File: figs/dtm.pdf Graphic file (type pdf)
 <use figs/dtm.pdf>
Overfull \hbox (25.40955pt too wide) in paragraph at lines 223--223
[]  
 []


Overfull \vbox (48.33113pt too high) detected at line 223
 []

[7

 <./figs/topics.pdf> <./figs/dtm.pdf>]
<figs/example_topics.jpg, id=177, 517.935pt x 224.84pt>
File: figs/example_topics.jpg Graphic file (type jpg)

<use figs/example_topics.jpg> [8

 <./figs/example_topics.jpg>]
LaTeX Font Info:    Try loading font information for U+eus on input line 368.

(/usr/share/texmf-texlive/tex/latex/amsfonts/ueus.fd
File: ueus.fd 2009/06/22 v3.00 Euler Script
)
<figs/docinf_dtm_gm.pdf, id=185, 569.32701pt x 365.365pt>
File: figs/docinf_dtm_gm.pdf Graphic file (type pdf)

<use figs/docinf_dtm_gm.pdf> [9

 <./figs/docinf_dtm_gm.pdf>]
<figs/docinf_gm.pdf, id=243, 560.49402pt x 365.365pt>
File: figs/docinf_gm.pdf Graphic file (type pdf)
 <use figs/docinf_gm.pdf>
[10

 <./figs/docinf_gm.pdf>]
<figs/cowsmonaut.pdf, id=303, 282.656pt x 254.55101pt>
File: figs/cowsmonaut.pdf Graphic file (type pdf)

<use figs/cowsmonaut.pdf>
Overfull \vbox (2.22818pt too high) detected at line 433
 []

[11

 <./figs/cowsmonaut.pdf>]

LaTeX Font Warning: Font shape `OT1/cmss/bx/it' undefined
(Font)              using `OT1/cmss/bx/n' instead on input line 464.

<figs/variational_distribution.pdf, id=318, 505.89pt x 505.89pt>
File: figs/variational_distribution.pdf Graphic file (type pdf)

<use figs/variational_distribution.pdf>
Overfull \vbox (16.71364pt too high) detected at line 464
 []

[12

 <./figs/variational_distribution.pdf>] [13

]
<figs/dynamic_topics.pdf, id=337, 516.93124pt x 464.73625pt>
File: figs/dynamic_topics.pdf Graphic file (type pdf)

<use figs/dynamic_topics.pdf> [14

 <./figs/dynamic_topics.pdf>]
<figs/mathematics_statistical.pdf, id=345, 469.755pt x 722.7pt>
File: figs/mathematics_statistical.pdf Graphic file (type pdf)

<use figs/mathematics_statistical.pdf>
<figs/acl_brown.pdf, id=346, 505.89pt x 505.89pt>
File: figs/acl_brown.pdf Graphic file (type pdf)
 <use figs/acl_brown.pdf>
[15

 <./figs/mathematics_statistical.pdf> <./figs/acl_brown.pdf>]
<figs/results_roc.pdf, id=361, 505.89pt x 180.675pt>
File: figs/results_roc.pdf Graphic file (type pdf)

<use figs/results_roc.pdf>
Overfull \hbox (33.57631pt too wide) in paragraph at lines 577--577
 [] 
 []

[16

 <./figs/results_roc.pdf>]
<figs/results_roc_marked.pdf, id=371, 505.89pt x 180.675pt>
File: figs/results_roc_marked.pdf Graphic file (type pdf)

<use figs/results_roc_marked.pdf>
Overfull \hbox (33.57631pt too wide) in paragraph at lines 591--591
 [] 
 []

[17

 <./figs/results_roc_marked.pdf>]
Missing character: There is no ‚ in font cmss12!
Missing character: There is no Ä in font cmss12!
Missing character: There is no ú in font cmss12!
Missing character: There is no ‚ in font cmss12!
Missing character: There is no Ä in font cmss12!
Missing character: There is no ù in font cmss12!
Missing character: There is no ‚ in font cmss8!
Missing character: There is no Ä in font cmss8!
Missing character: There is no ù in font cmss8!
Missing character: There is no ‚ in font cmss8!
Missing character: There is no Ä in font cmss8!
Missing character: There is no ò in font cmss8!
Missing character: There is no ‚ in font cmss8!
Missing character: There is no Ä in font cmss8!
Missing character: There is no ô in font cmss8!
Missing character: There is no ‚ in font cmss8!
Missing character: There is no Ä in font cmss8!
Missing character: There is no ù in font cmss8!
File: figs/news.jpg Graphic file (type jpg)
 <use figs/news.jpg>
Overfull \vbox (6.89966pt too high) detected at line 629
 []

[18

] <figs/bad_headlines.jpg, id=950, 258.2448pt x 223.0734pt>
File: figs/bad_headlines.jpg Graphic file (type jpg)

<use figs/bad_headlines.jpg>
Overfull \hbox (33.57631pt too wide) in paragraph at lines 635--635
[]  
 []


Overfull \vbox (70.50378pt too high) detected at line 635
 []

[19

 <./figs/bad_headlines.jpg>]
<figs/good_headlines.jpg, id=957, 258.2448pt x 223.0734pt>
File: figs/good_headlines.jpg Graphic file (type jpg)

<use figs/good_headlines.jpg>
Overfull \hbox (33.57631pt too wide) in paragraph at lines 641--641
[]  
 []


Overfull \vbox (70.50378pt too high) detected at line 641
 []

[20

 <./figs/good_headlines.jpg>] [21

]
<figs/mturk_screenshot.png, id=979, 694.595pt x 314.17375pt>
File: figs/mturk_screenshot.png Graphic file (type png)

<use figs/mturk_screenshot.png>
Overfull \hbox (33.57631pt too wide) in paragraph at lines 660--660
[]  
 []

[22

 <./figs/mturk_screenshot.png>] [23

]
<figs/lm_sample_words.pdf, id=999, 289.08pt x 216.81pt>
File: figs/lm_sample_words.pdf Graphic file (type pdf)

<use figs/lm_sample_words.pdf>
Overfull \vbox (6.54755pt too high) detected at line 687
 []

[24

 <./figs/lm_sample_words.pdf>]
<figs/two_countries.pdf, id=1062, 494.648pt x 258.56601pt>
File: figs/two_countries.pdf Graphic file (type pdf)

<use figs/two_countries.pdf> [25

 <./figs/two_countries.pdf>]
<figs/two_countries_time1.pdf, id=1078, 494.648pt x 258.56601pt>
File: figs/two_countries_time1.pdf Graphic file (type pdf)

<use figs/two_countries_time1.pdf>
Overfull \vbox (16.57857pt too high) detected at line 721
 []

[26

 <./figs/two_countries_time1.pdf>]
<figs/two_countries_time2.pdf, id=1107, 494.648pt x 261.77798pt>
File: figs/two_countries_time2.pdf Graphic file (type pdf)

<use figs/two_countries_time2.pdf>
Overfull \vbox (18.10466pt too high) detected at line 734
 []

[27

 <./figs/two_countries_time2.pdf>]
<figs/countries_gm_bare.pdf, id=1136, 627.14299pt x 451.28601pt>
File: figs/countries_gm_bare.pdf Graphic file (type pdf)

<use figs/countries_gm_bare.pdf> [28

 <./figs/countries_gm_bare.pdf>]
<figs/countries_gm_norev.pdf, id=1185, 627.14299pt x 451.28601pt>
File: figs/countries_gm_norev.pdf Graphic file (type pdf)

<use figs/countries_gm_norev.pdf> [29

 <./figs/countries_gm_norev.pdf>]
<figs/countries_gm.pdf, id=1261, 627.14299pt x 451.28601pt>
File: figs/countries_gm.pdf Graphic file (type pdf)

<use figs/countries_gm.pdf> [30

 <./figs/countries_gm.pdf>] [31

]
<figs/002_countries_by_ip_2007.pdf, id=1352, 289.08pt x 289.08pt>
File: figs/002_countries_by_ip_2007.pdf Graphic file (type pdf)

<use figs/002_countries_by_ip_2007.pdf>
<figs/002_us_vs_everyone.pdf, id=1354, 510.708pt x 516.32903pt>
File: figs/002_us_vs_everyone.pdf Graphic file (type pdf)

<use figs/002_us_vs_everyone.pdf>
Overfull \hbox (30.24916pt too wide) in paragraph at lines 807--807
[][]  
 []

[32

 <./figs/002_countries_by_ip_2007.pdf> <./figs/002_us_vs_everyone.pdf>]
[33

] [34

] <figs/ron_paul.png, id=2754, 527.9725pt x 596.2275pt>
File: figs/ron_paul.png Graphic file (type png)

<use figs/ron_paul.png> [35

 <./figs/ron_paul.png (PNG copy)>]
<figs/newcongress_photo_G_20090105182921.jpg, id=2760, 555.07375pt x 370.38374p
t>
File: figs/newcongress_photo_G_20090105182921.jpg Graphic file (type jpg)
 <use figs/newcongress_photo_G_20090105182921.jpg>

Package pdftex.def Warning: Option `bb' does not make sense,
(pdftex.def)                using `viewport' instead on input line 996.

<figs/health-bill.jpg, id=2761, 461.725pt x 289.08pt>
File: figs/health-bill.jpg Graphic file (type jpg)

<use figs/health-bill.jpg> [36

 <./figs/newcongress_photo_G_20090105182921.jpg> <./figs/health-bill.jpg>] <fig
s/ip_gm.pdf, id=2767, 334.04799pt x 313.97299pt>
File: figs/ip_gm.pdf Graphic file (type pdf)

<use figs/ip_gm.pdf>
Overfull \vbox (38.96545pt too high) detected at line 1090
 []

[37

 <./figs/ip_gm.pdf>]
<figs/3393_example_ideal_points_final.pdf, id=2783, 517.13202pt x 80.3pt>
File: figs/3393_example_ideal_points_final.pdf Graphic file (type pdf)

<use figs/3393_example_ideal_points_final.pdf>
Overfull \vbox (14.20087pt too high) detected at line 1114
 []

[38

 <./figs/3393_example_ideal_points_final.pdf>]
<figs/3393_example_ideal_points_cut2.pdf, id=3142, 517.13202pt x 174.251pt>
File: figs/3393_example_ideal_points_cut2.pdf Graphic file (type pdf)

<use figs/3393_example_ideal_points_cut2.pdf>
Overfull \vbox (69.42166pt too high) detected at line 1230
 []

[39

 <./figs/3393_example_ideal_points_cut2.pdf>]
<figs/labeled_topics.pdf, id=3503, 822.27202pt x 346.09299pt>
File: figs/labeled_topics.pdf Graphic file (type pdf)

<use figs/labeled_topics.pdf> [40

 <./figs/labeled_topics.pdf>]
File: figs/ip_gm.pdf Graphic file (type pdf)

<use figs/ip_gm.pdf> <figs/legis_gm.pdf, id=3648, 334.04799pt x 313.97299pt>
File: figs/legis_gm.pdf Graphic file (type pdf)

<use figs/legis_gm.pdf>
Overfull \hbox (24.39998pt too wide) in paragraph at lines 1287--1287
[]  
 []


Overfull \vbox (8.19484pt too high) detected at line 1287
 []

[41

 <./figs/legis_gm.pdf>] [42

] [43

]
<figs/3393_example_ideal_points_finance.pdf, id=3728, 504.284pt x 153.373pt>
File: figs/3393_example_ideal_points_finance.pdf Graphic file (type pdf)

<use figs/3393_example_ideal_points_finance.pdf>
<figs/3393_example_ideal_points_congressional_sessions.pdf, id=3730, 505.087pt 
x 151.767pt>
File: figs/3393_example_ideal_points_congressional_sessions.pdf Graphic file (t
ype pdf)
 <use figs/3393_example_ideal_points_congressional_sessions.pdf>
Overfull \vbox (90.5082pt too high) detected at line 1394
 []

[44

 <./figs/3393_example_ideal_points_finance.pdf> <./figs/3393_example_ideal_poin
ts_congressional_sessions.pdf>]
<figs/3393_house_Ronald_Paul_400311.pdf, id=4459, 492.239pt x 467.34601pt>
File: figs/3393_house_Ronald_Paul_400311.pdf Graphic file (type pdf)

<use figs/3393_house_Ronald_Paul_400311.pdf>
Overfull \vbox (8.9572pt too high) detected at line 1639
 []

[45

 <./figs/3393_house_Ronald_Paul_400311.pdf>]
<figs/3393_house_Donald_Young_400440.pdf, id=4813, 505.89pt x 505.89pt>
File: figs/3393_house_Donald_Young_400440.pdf Graphic file (type pdf)

<use figs/3393_house_Donald_Young_400440.pdf>
Overfull \hbox (14.15553pt too wide) in paragraph at lines 1646--1646
 [] 
 []


Overfull \vbox (130.2183pt too high) detected at line 1646
 []

[46

 <./figs/3393_house_Donald_Young_400440.pdf>] [47

] [48

]
(./sgerrish_prefpo.bbl) [49

 </usr/share/texmf/tex/latex/beamer/base/art/beamericonarticle.pdf>] [50


] [51


] [52

] <figs/penn.pdf, id=5206, 469.755pt x 722.7pt>
File: figs/penn.pdf Graphic file (type pdf)

<use figs/penn.pdf> <figs/acl_penn.pdf, id=5207, 505.89pt x 505.89pt>
File: figs/acl_penn.pdf Graphic file (type pdf)

<use figs/acl_penn.pdf> [53

 <./figs/penn.pdf> <./figs/acl_penn.pdf>]
<figs/cover_nature.jpg, id=5222, 150.5625pt x 198.7425pt>
File: figs/cover_nature.jpg Graphic file (type jpg)

<use figs/cover_nature.jpg>
<figs/nature_north_america.pdf, id=5223, 505.89pt x 505.89pt>
File: figs/nature_north_america.pdf Graphic file (type pdf)

<use figs/nature_north_america.pdf> [54

 <./figs/cover_nature.jpg> <./figs/nature_north_america.pdf>]
<figs/docs_basic_topics.png, id=5232, 1120.185pt x 487.8225pt>
File: figs/docs_basic_topics.png Graphic file (type png)

<use figs/docs_basic_topics.png> [55

 <./figs/docs_basic_topics.png>]
<figs/user_ips_jackman_vs_model_by_dispersion.pdf, id=5242, 758.835pt x 180.675
pt>
File: figs/user_ips_jackman_vs_model_by_dispersion.pdf Graphic file (type pdf)
 <use figs/user_ips_jackman_vs_model_by_dispersion.pdf> [56

 <./figs/user_ips_jackman_vs_model_by_dispersion.pdf>] [57

]
<figs/ideal-point-intuition.jpg, id=5260, 678.535pt x 682.55pt>
File: figs/ideal-point-intuition.jpg Graphic file (type jpg)

<use figs/ideal-point-intuition.jpg>
Overfull \hbox (71.38153pt too wide) in paragraph at lines 1758--1758
 [] 
 []


Overfull \vbox (251.38924pt too high) detected at line 1758
 []

[58

 <./figs/ideal-point-intuition.jpg>]
<figs/ideal-point-prediction-intuition.pdf, id=5266, 268.00125pt x 270.00874pt>
File: figs/ideal-point-prediction-intuition.pdf Graphic file (type pdf)
<use figs/ideal-point-prediction-intuition.pdf> [59

 <./figs/ideal-point-prediction-intuition.pdf>] [60

]
<figs/ideal-point.pdf, id=5326, 488.82625pt x 474.77374pt>
File: figs/ideal-point.pdf Graphic file (type pdf)

<use figs/ideal-point.pdf> [61

 <./figs/ideal-point.pdf>]
<figs/ideal-point-topics.pdf, id=5445, 592.42699pt x 425.0842pt>
File: figs/ideal-point-topics.pdf Graphic file (type pdf)

<use figs/ideal-point-topics.pdf> [62

 <./figs/ideal-point-topics.pdf>]
<figs/vote-accuracy.pdf, id=5614, 308.15125pt x 184.69pt>
File: figs/vote-accuracy.pdf Graphic file (type pdf)

<use figs/vote-accuracy.pdf> [63

 <./figs/vote-accuracy.pdf>] [64

] [65

] [66

]
[67

] <figs/patentsqvsf.pdf, id=6272, 484.85281pt x 487.32454pt>
File: figs/patentsqvsf.pdf Graphic file (type pdf)

<use figs/patentsqvsf.pdf>
<figs/papersqvsf.pdf, id=6273, 484.85281pt x 487.32454pt>
File: figs/papersqvsf.pdf Graphic file (type pdf)

<use figs/papersqvsf.pdf> <figs/wikiqvsf.pdf, id=6274, 505.89pt x 505.89pt>
File: figs/wikiqvsf.pdf Graphic file (type pdf)

<use figs/wikiqvsf.pdf> <figs/qnaqvsf.pdf, id=6275, 505.89pt x 505.89pt>
File: figs/qnaqvsf.pdf Graphic file (type pdf)

<use figs/qnaqvsf.pdf>
Overfull \vbox (18.34276pt too high) detected at line 1889
 []

[68

 <./figs/patentsqvsf.pdf> <./figs/papersqvsf.pdf> <./figs/wikiqvsf.pdf> <./figs
/qnaqvsf.pdf>] [69

] [70

] [71

] [72

]
<figs/hot_cold_topics.jpg, id=6568, 1806.75pt x 1079.03125pt>
File: figs/hot_cold_topics.jpg Graphic file (type jpg)

<use figs/hot_cold_topics.jpg> [73

 <./figs/hot_cold_topics.jpg>] [74

] [75

]
[76

]
File: figs/topics.pdf Graphic file (type pdf)
 <use figs/topics.pdf> [77

]
<figs/example_words.pdf, id=6596, 433.62pt x 361.35pt>
File: figs/example_words.pdf Graphic file (type pdf)

<use figs/example_words.pdf>
Overfull \vbox (108.87456pt too high) detected at line 2037
 []

[78

 <./figs/example_words.pdf>]
<figs/64_topic_plot.pdf, id=6950, 752.77103pt x 262.79782pt>
File: figs/64_topic_plot.pdf Graphic file (type pdf)

<use figs/64_topic_plot.pdf> [79

 <./figs/64_topic_plot.pdf>]
\tf@nav=\write5
\openout5 = `sgerrish_prefpo.nav'.

\tf@toc=\write6
\openout6 = `sgerrish_prefpo.toc'.

\tf@snm=\write7
\openout7 = `sgerrish_prefpo.snm'.


(./sgerrish_prefpo.aux)

LaTeX Font Warning: Size substitutions with differences
(Font)              up to 1.0pt have occurred.


LaTeX Font Warning: Some font shapes were not available, defaults substituted.

 ) 
Here is how much of TeX's memory you used:
 13488 strings out of 495061
 237052 string characters out of 1182622
 311107 words of memory out of 3000000
 16056 multiletter control sequences out of 15000+50000
 35732 words of font info for 130 fonts, out of 3000000 for 9000
 28 hyphenation exceptions out of 8191
 45i,15n,51p,363b,465s stack positions out of 5000i,500n,10000p,200000b,50000s
</usr/share/texmf-texlive/fonts/type1/public/amsfonts/cm/cmex10.pfb></usr/sha
re/texmf-texlive/fonts/type1/public/amsfonts/cmextra/cmex7.pfb></usr/share/texm
f-texlive/fonts/type1/public/amsfonts/cm/cmmi10.pfb></usr/share/texmf-texlive/f
onts/type1/public/amsfonts/cm/cmmi12.pfb></usr/share/texmf-texlive/fonts/type1/
public/amsfonts/cm/cmmi5.pfb></usr/share/texmf-texlive/fonts/type1/public/amsfo
nts/cm/cmmi6.pfb></usr/share/texmf-texlive/fonts/type1/public/amsfonts/cm/cmmi7
.pfb></usr/share/texmf-texlive/fonts/type1/public/amsfonts/cm/cmmi8.pfb></usr/s
hare/texmf-texlive/fonts/type1/public/amsfonts/cm/cmmib10.pfb></usr/share/texmf
-texlive/fonts/type1/public/amsfonts/cm/cmr10.pfb></usr/share/texmf-texlive/fon
ts/type1/public/amsfonts/cm/cmr7.pfb></usr/share/texmf-texlive/fonts/type1/publ
ic/amsfonts/cm/cmss10.pfb></usr/share/texmf-texlive/fonts/type1/public/amsfonts
/cm/cmss12.pfb></usr/share/texmf-texlive/fonts/type1/public/amsfonts/cm/cmss17.
pfb></usr/share/texmf-texlive/fonts/type1/public/amsfonts/cm/cmss8.pfb></usr/sh
are/texmf-texlive/fonts/type1/public/amsfonts/cm/cmss9.pfb></usr/share/texmf-te
xlive/fonts/type1/public/amsfonts/cm/cmssbx10.pfb></usr/share/texmf-texlive/fon
ts/type1/public/amsfonts/cm/cmssi10.pfb></usr/share/texmf-texlive/fonts/type1/p
ublic/amsfonts/cm/cmssi12.pfb></usr/share/texmf-texlive/fonts/type1/public/amsf
onts/cm/cmssi17.pfb></usr/share/texmf-texlive/fonts/type1/public/amsfonts/cm/cm
ssi8.pfb></usr/share/texmf-texlive/fonts/type1/public/amsfonts/cm/cmssi9.pfb></
usr/share/texmf-texlive/fonts/type1/public/amsfonts/cm/cmsy10.pfb></usr/share/t
exmf-texlive/fonts/type1/public/amsfonts/cm/cmsy5.pfb></usr/share/texmf-texlive
/fonts/type1/public/amsfonts/cm/cmsy6.pfb></usr/share/texmf-texlive/fonts/type1
/public/amsfonts/cm/cmsy8.pfb></usr/share/texmf-texlive/fonts/type1/public/amsf
onts/cm/cmsy9.pfb></usr/share/texmf-texlive/fonts/type1/public/amsfonts/euler/e
usm10.pfb></usr/share/texmf-texlive/fonts/type1/public/amsfonts/symbols/msbm10.
pfb>
Output written on sgerrish_prefpo.pdf (79 pages, 10705639 bytes).
PDF statistics:
 7435 PDF objects out of 8907 (max. 8388607)
 186 named destinations out of 1000 (max. 500000)
 377 words of extra memory for PDF output out of 10000 (max. 10000000)

