This is pdfTeXk, Version 3.1415926-1.40.9 (Web2C 7.5.7) (format=pdflatex 2009.3.27)  21 JUN 2011 04:51
entering extended mode
 %&-line parsing enabled.
**chapter_influence/chapter_doc
(./chapter_influence/chapter_doc.tex
LaTeX2e <2005/12/01>
Babel <v3.8l> and hyphenation patterns for english, usenglishmax, dumylang, noh
yphenation, german-x-2008-06-18, ngerman-x-2008-06-18, ancientgreek, ibycus, ar
abic, basque, bulgarian, catalan, pinyin, coptic, croatian, czech, danish, dutc
h, esperanto, estonian, farsi, finnish, french, galician, german, ngerman, mono
greek, greek, hungarian, icelandic, indonesian, interlingua, irish, italian, la
tin, lithuanian, mongolian, mongolian2a, bokmal, nynorsk, polish, portuguese, r
omanian, russian, sanskrit, serbian, slovak, slovenian, spanish, swedish, turki
sh, ukenglish, ukrainian, uppersorbian, welsh, loaded.
(/.autofs/cmnusr/local/texlive/2008/texmf-dist/tex/latex/base/article.cls
Document Class: article 2005/09/16 v1.4f Standard LaTeX document class
(/.autofs/cmnusr/local/texlive/2008/texmf-dist/tex/latex/base/size10.clo
File: size10.clo 2005/09/16 v1.4f Standard LaTeX file (size option)
)
\c@part=\count79
\c@section=\count80
\c@subsection=\count81
\c@subsubsection=\count82
\c@paragraph=\count83
\c@subparagraph=\count84
\c@figure=\count85
\c@table=\count86
\abovecaptionskip=\skip41
\belowcaptionskip=\skip42
\bibindent=\dimen102
)
(/.autofs/cmnusr/local/texlive/2008/texmf-dist/tex/latex/graphics/graphicx.sty
Package: graphicx 1999/02/16 v1.0f Enhanced LaTeX Graphics (DPC,SPQR)

(/.autofs/cmnusr/local/texlive/2008/texmf-dist/tex/latex/graphics/keyval.sty
Package: keyval 1999/03/16 v1.13 key=value parser (DPC)
\KV@toks@=\toks14
)
(/.autofs/cmnusr/local/texlive/2008/texmf-dist/tex/latex/graphics/graphics.sty
Package: graphics 2006/02/20 v1.0o Standard LaTeX Graphics (DPC,SPQR)

(/.autofs/cmnusr/local/texlive/2008/texmf-dist/tex/latex/graphics/trig.sty
Package: trig 1999/03/16 v1.09 sin cos tan (DPC)
)
(/.autofs/cmnusr/local/texlive/2008/texmf/tex/latex/config/graphics.cfg
File: graphics.cfg 2007/01/18 v1.5 graphics configuration of teTeX/TeXLive
)
Package graphics Info: Driver file: pdftex.def on input line 90.

(/.autofs/cmnusr/local/texlive/2008/texmf-dist/tex/latex/pdftex-def/pdftex.def
File: pdftex.def 2008/09/08 v0.04l Graphics/color for pdfTeX
\Gread@gobject=\count87
))
\Gin@req@height=\dimen103
\Gin@req@width=\dimen104
) (/.autofs/cmnusr/local/texlive/2008/texmf-dist/tex/latex/amsmath/amsmath.sty
Package: amsmath 2000/07/18 v2.13 AMS math features
\@mathmargin=\skip43
For additional information on amsmath, use the `?' option.
(/.autofs/cmnusr/local/texlive/2008/texmf-dist/tex/latex/amsmath/amstext.sty
Package: amstext 2000/06/29 v2.01

(/.autofs/cmnusr/local/texlive/2008/texmf-dist/tex/latex/amsmath/amsgen.sty
File: amsgen.sty 1999/11/30 v2.0
\@emptytoks=\toks15
\ex@=\dimen105
))
(/.autofs/cmnusr/local/texlive/2008/texmf-dist/tex/latex/amsmath/amsbsy.sty
Package: amsbsy 1999/11/29 v1.2d
\pmbraise@=\dimen106
)
(/.autofs/cmnusr/local/texlive/2008/texmf-dist/tex/latex/amsmath/amsopn.sty
Package: amsopn 1999/12/14 v2.01 operator names
)
\inf@bad=\count88
LaTeX Info: Redefining \frac on input line 211.
\uproot@=\count89
\leftroot@=\count90
LaTeX Info: Redefining \overline on input line 307.
\classnum@=\count91
\DOTSCASE@=\count92
LaTeX Info: Redefining \ldots on input line 379.
LaTeX Info: Redefining \dots on input line 382.
LaTeX Info: Redefining \cdots on input line 467.
\Mathstrutbox@=\box26
\strutbox@=\box27
\big@size=\dimen107
LaTeX Font Info:    Redeclaring font encoding OML on input line 567.
LaTeX Font Info:    Redeclaring font encoding OMS on input line 568.
\macc@depth=\count93
\c@MaxMatrixCols=\count94
\dotsspace@=\muskip10
\c@parentequation=\count95
\dspbrk@lvl=\count96
\tag@help=\toks16
\row@=\count97
\column@=\count98
\maxfields@=\count99
\andhelp@=\toks17
\eqnshift@=\dimen108
\alignsep@=\dimen109
\tagshift@=\dimen110
\tagwidth@=\dimen111
\totwidth@=\dimen112
\lineht@=\dimen113
\@envbody=\toks18
\multlinegap=\skip44
\multlinetaggap=\skip45
\mathdisplay@stack=\toks19
LaTeX Info: Redefining \[ on input line 2666.
LaTeX Info: Redefining \] on input line 2667.
)
(/.autofs/cmnusr/local/texlive/2008/texmf-dist/tex/latex/amsfonts/amsfonts.sty
Package: amsfonts 2001/10/25 v2.2f
\symAMSa=\mathgroup4
\symAMSb=\mathgroup5
LaTeX Font Info:    Overwriting math alphabet `\mathfrak' in version `bold'
(Font)                  U/euf/m/n --> U/euf/b/n on input line 132.
) (/.autofs/cmnusr/local/texlive/2008/texmf-dist/tex/latex/tools/bm.sty
Package: bm 2004/02/26 v1.1c Bold Symbol Support (DPC/FMi)
\symboldoperators=\mathgroup6
\symboldletters=\mathgroup7
\symboldsymbols=\mathgroup8
LaTeX Font Info:    Redeclaring math alphabet \mathbf on input line 137.
LaTeX Info: Redefining \bm on input line 203.
)
(/.autofs/cmnusr/local/texlive/2008/texmf-dist/tex/latex/natbib/natbib.sty
Package: natbib 2009/02/02 8.3 (PWD, AO)
\bibhang=\skip46
\bibsep=\skip47
LaTeX Info: Redefining \cite on input line 694.
\c@NAT@ctr=\count100
)
(/.autofs/cmnusr/local/texlive/2008/texmf-dist/tex/latex/multirow/multirow.sty
\bigstrutjot=\dimen114
) (./chapter_doc.aux)
\openout1 = `chapter_doc.aux'.

LaTeX Font Info:    Checking defaults for OML/cmm/m/it on input line 33.
LaTeX Font Info:    ... okay on input line 33.
LaTeX Font Info:    Checking defaults for T1/cmr/m/n on input line 33.
LaTeX Font Info:    ... okay on input line 33.
LaTeX Font Info:    Checking defaults for OT1/cmr/m/n on input line 33.
LaTeX Font Info:    ... okay on input line 33.
LaTeX Font Info:    Checking defaults for OMS/cmsy/m/n on input line 33.
LaTeX Font Info:    ... okay on input line 33.
LaTeX Font Info:    Checking defaults for OMX/cmex/m/n on input line 33.
LaTeX Font Info:    ... okay on input line 33.
LaTeX Font Info:    Checking defaults for U/cmr/m/n on input line 33.
LaTeX Font Info:    ... okay on input line 33.

(/.autofs/cmnusr/local/texlive/2008/texmf-dist/tex/context/base/supp-pdf.tex
[Loading MPS to PDF converter (version 2006.09.02).]
\scratchcounter=\count101
\scratchdimen=\dimen115
\scratchbox=\box28
\nofMPsegments=\count102
\nofMParguments=\count103
\everyMPshowfont=\toks20
\MPscratchCnt=\count104
\MPscratchDim=\dimen116
\MPnumerator=\count105
\everyMPtoPDFconversion=\toks21
) (./chapter_influence/chapter_influence.tex (./chapter_influence/sec_intro.tex

Package natbib Warning: Citation `garfield:2002' on page 1 undefined on input l
ine 18.


Package natbib Warning: Citation `brin:1998' on page 1 undefined on input line 
23.


Package natbib Warning: Citation `blei:2006' on page 1 undefined on input line 
48.

) (./chapter_influence/sec_model.tex
LaTeX Font Info:    Try loading font information for U+msa on input line 6.

(/.autofs/cmnusr/local/texlive/2008/texmf-dist/tex/latex/amsfonts/umsa.fd
File: umsa.fd 2002/01/19 v2.2g AMS font definitions
)
LaTeX Font Info:    Try loading font information for U+msb on input line 6.

(/.autofs/cmnusr/local/texlive/2008/texmf-dist/tex/latex/amsfonts/umsb.fd
File: umsb.fd 2002/01/19 v2.2g AMS font definitions
)

Package pdftex.def Warning: Option `bb' does not make sense,
(pdftex.def)                using `viewport' instead on input line 7.

<chapter_influence/figures/dtm_gm.pdf, id=1, 341.275pt x 892.33376pt>
File: chapter_influence/figures/dtm_gm.pdf Graphic file (type pdf)

<use chapter_influence/figures/dtm_gm.pdf>

Package pdftex.def Warning: Option `bb' does not make sense,
(pdftex.def)                using `viewport' instead on input line 8.

<chapter_influence/figures/docinf_gm.pdf, id=2, 341.275pt x 892.33376pt>
File: chapter_influence/figures/docinf_gm.pdf Graphic file (type pdf)

<use chapter_influence/figures/docinf_gm.pdf> [1

{/.autofs/cmnusr/local/texlive/2008/texmf-var/fonts/map/pdftex/updmap/pdftex.ma
p}]

Package natbib Warning: Citation `blei:2006' on page 2 undefined on input line 
22.

[2 <./chapter_influence/figures/dtm_gm.pdf> <./chapter_influence/figures/docinf
_gm.pdf>]

Package natbib Warning: Citation `blei:2003' on page 3 undefined on input line 
100.


Package natbib Warning: Citation `porter:2005' on page 3 undefined on input lin
e 133.

[3]

Package natbib Warning: Citation `osareh:1996' on page 4 undefined on input lin
e 149.


Package natbib Warning: Citation `borner:2003' on page 4 undefined on input lin
e 151.


Package natbib Warning: Citation `tang:2009' on page 4 undefined on input line 
157.


Package natbib Warning: Citation `lokker:2008' on page 4 undefined on input lin
e 157.


Package natbib Warning: Citation `nallapati:2008' on page 4 undefined on input 
line 162.


Package natbib Warning: Citation `chang:2009' on page 4 undefined on input line
 162.


Package natbib Warning: Citation `dietz:2007' on page 4 undefined on input line
 162.


Package natbib Warning: Citation `Cohn01themissing' on page 4 undefined on inpu
t line 162.


Package natbib Warning: Citation `mcnee:2002' on page 4 undefined on input line
 163.


Package natbib Warning: Citation `ibanez:2009' on page 4 undefined on input lin
e 163.


Package natbib Warning: Citation `qazvinian:2008' on page 4 undefined on input 
line 165.


Package natbib Warning: Citation `mann:2006' on page 4 undefined on input line 
166.


Package natbib Warning: Citation `leskovec:2009' on page 4 undefined on input l
ine 179.


Package natbib Warning: Citation `shaparenko:2007' on page 4 undefined on input
 line 182.


Package natbib Warning: Citation `shaparenko:2007' on page 4 undefined on input
 line 187.

) (./chapter_influence/sec_inference.tex

Package natbib Warning: Citation `jordan:1999' on page 4 undefined on input lin
e 14.


Package natbib Warning: Citation `blei:2003' on page 4 undefined on input line 
20.

[4]

Package natbib Warning: Citation `blei:2006' on page 5 undefined on input line 
27.


Overfull \hbox (1.07784pt too wide) in paragraph at lines 22--29
[]\OT1/cmr/m/n/10 The vari-a-tional dis-tri-bu-tion for topic tra-jec-to-ries $
\OMS/cmsy/m/n/10 f\OML/cmm/m/it/10 ^^L[]; [] ; ^^L[]\OMS/cmsy/m/n/10 g$ \OT1/cm
r/m/n/10 is de-scribed
 []


Package natbib Warning: Citation `blei:2006' on page 5 undefined on input line 
82.


Package natbib Warning: Citation `blei:2006' on page 5 undefined on input line 
116.

[5]

Package natbib Warning: Citation `blei:2003' on page 6 undefined on input line 
177.


LaTeX Font Warning: Command \small invalid in math mode on input line 189.

[6]) (./chapter_influence/sec_experiments.tex

Package natbib Warning: Citation `bird:2008' on page 7 undefined on input line 
55.


Package natbib Warning: Citation `Radev:2009' on page 7 undefined on input line
 59.


Package natbib Warning: Citation `Thompson:2009' on page 7 undefined on input l
ine 72.

[7]
<chapter_influence/figures/results_correlation.pdf, id=47, 505.89pt x 180.675pt
>
File: chapter_influence/figures/results_correlation.pdf Graphic file (type pdf)

 <use chapter_influence/figures/results_correlation.pdf>
<chapter_influence/figures/results_roc.pdf, id=48, 505.89pt x 180.675pt>
File: chapter_influence/figures/results_roc.pdf Graphic file (type pdf)

<use chapter_influence/figures/results_roc.pdf> [8 <./chapter_influence/figures
/results_correlation.pdf> <./chapter_influence/figures/results_roc.pdf>]
[9]

Package natbib Warning: Citation `brown:1993' on page 10 undefined on input lin
e 295.


Package natbib Warning: Citation `brown:1993' on page 10 undefined on input lin
e 301.


Package natbib Warning: Citation `marcus:1993' on page 10 undefined on input li
ne 318.


Package natbib Warning: Citation `marcus:1993' on page 10 undefined on input li
ne 326.

<chapter_influence/figures/acl_brown.pdf, id=62, 505.89pt x 505.89pt>
File: chapter_influence/figures/acl_brown.pdf Graphic file (type pdf)

<use chapter_influence/figures/acl_brown.pdf>
<chapter_influence/figures/nature_cloning.pdf, id=63, 505.89pt x 505.89pt>
File: chapter_influence/figures/nature_cloning.pdf Graphic file (type pdf)

<use chapter_influence/figures/nature_cloning.pdf>
Overfull \hbox (10.19705pt too wide) in paragraph at lines 339--350
[][]
 []


Package natbib Warning: Citation `brown:1993' on page 10 undefined on input lin
e 350.


Package natbib Warning: Citation `toole:1984' on page 10 undefined on input lin
e 350.


Package natbib Warning: Citation `brown:1993' on page 10 undefined on input lin
e 350.


Package natbib Warning: Citation `toole:1984' on page 10 undefined on input lin
e 350.


Package natbib Warning: Citation `Nature.success:1969' on page 10 undefined on 
input line 367.


Package natbib Warning: Citation `NSF.website:2010' on page 10 undefined on inp
ut line 378.

[10]

Package natbib Warning: Citation `toole:1984' on page 11 undefined on input lin
e 391.

) (./chapter_influence/sec_conclusion.tex

Package natbib Warning: Citation `leskovec:2009' on page 11 undefined on input 
line 54.


Package natbib Warning: Citation `alvarez:2009' on page 11 undefined on input l
ine 56.


Package natbib Warning: Citation `shaparenko:2007' on page 11 undefined on inpu
t line 58.


Package natbib Warning: Citation `dietz:2007' on page 11 undefined on input lin
e 58.

[11 <./chapter_influence/figures/acl_brown.pdf> <./chapter_influence/figures/na
ture_cloning.pdf>]) (./chapter_influence/sec_parallel.tex

LaTeX Warning: Reference `sec:influence_inference' on page 12 undefined on inpu
t line 4.

[12]))
No file chapter_doc.bbl.

Package natbib Warning: There were undefined citations.

[13] (./chapter_doc.aux)

LaTeX Warning: There were undefined references.

 ) 
Here is how much of TeX's memory you used:
 2129 strings out of 493876
 27832 string characters out of 1149494
 88405 words of memory out of 3000000
 5357 multiletter control sequences out of 10000+50000
 15268 words of font info for 56 fonts, out of 3000000 for 5000
 714 hyphenation exceptions out of 8191
 27i,16n,25p,377b,308s stack positions out of 5000i,500n,10000p,200000b,50000s
</.autofs/cmnusr/local/texlive/2008/texmf-dist/fonts/type1/bluesky/cm/cmbx10.
pfb></.autofs/cmnusr/local/texlive/2008/texmf-dist/fonts/type1/bluesky/cm/cmbx1
2.pfb></.autofs/cmnusr/local/texlive/2008/texmf-dist/fonts/type1/bluesky/cm/cmb
xti10.pfb></.autofs/cmnusr/local/texlive/2008/texmf-dist/fonts/type1/bluesky/cm
/cmex10.pfb></.autofs/cmnusr/local/texlive/2008/texmf-dist/fonts/type1/bluesky/
cm/cmmi10.pfb></.autofs/cmnusr/local/texlive/2008/texmf-dist/fonts/type1/bluesk
y/cm/cmmi5.pfb></.autofs/cmnusr/local/texlive/2008/texmf-dist/fonts/type1/blues
ky/cm/cmmi7.pfb></.autofs/cmnusr/local/texlive/2008/texmf-dist/fonts/type1/blue
sky/cm/cmmib10.pfb></.autofs/cmnusr/local/texlive/2008/texmf-dist/fonts/type1/b
luesky/ams/cmmib7.pfb></.autofs/cmnusr/local/texlive/2008/texmf-dist/fonts/type
1/bluesky/cm/cmr10.pfb></.autofs/cmnusr/local/texlive/2008/texmf-dist/fonts/typ
e1/bluesky/cm/cmr5.pfb></.autofs/cmnusr/local/texlive/2008/texmf-dist/fonts/typ
e1/bluesky/cm/cmr6.pfb></.autofs/cmnusr/local/texlive/2008/texmf-dist/fonts/typ
e1/bluesky/cm/cmr7.pfb></.autofs/cmnusr/local/texlive/2008/texmf-dist/fonts/typ
e1/bluesky/cm/cmr8.pfb></.autofs/cmnusr/local/texlive/2008/texmf-dist/fonts/typ
e1/bluesky/cm/cmsy10.pfb></.autofs/cmnusr/local/texlive/2008/texmf-dist/fonts/t
ype1/bluesky/cm/cmsy5.pfb></.autofs/cmnusr/local/texlive/2008/texmf-dist/fonts/
type1/bluesky/cm/cmsy7.pfb></.autofs/cmnusr/local/texlive/2008/texmf-dist/fonts
/type1/bluesky/cm/cmti10.pfb></.autofs/cmnusr/local/texlive/2008/texmf-dist/fon
ts/type1/public/cmex/fmex7.pfb></.autofs/cmnusr/local/texlive/2008/texmf-dist/f
onts/type1/bluesky/ams/msbm10.pfb>
Output written on chapter_doc.pdf (13 pages, 333287 bytes).
PDF statistics:
 148 PDF objects out of 1000 (max. 8388607)
 0 named destinations out of 1000 (max. 131072)
 31 words of extra memory for PDF output out of 10000 (max. 10000000)

