This is pdfTeXk, Version 3.141592-1.40.3 (Web2C 7.5.6) (format=pdflatex 2012.3.22)  2 APR 2012 23:05
entering extended mode
 %&-line parsing enabled.
**puthesis.sample
(./puthesis.sample
LaTeX2e <2005/12/01>
Babel <v3.8h> and hyphenation patterns for english, usenglishmax, dumylang, noh
yphenation, arabic, basque, bulgarian, coptic, welsh, czech, slovak, german, ng
erman, danish, esperanto, spanish, catalan, galician, estonian, farsi, finnish,
 french, greek, monogreek, ancientgreek, croatian, hungarian, interlingua, ibyc
us, indonesian, icelandic, italian, latin, mongolian, dutch, norsk, polish, por
tuguese, pinyin, romanian, russian, slovenian, uppersorbian, serbian, swedish, 
turkish, ukenglish, ukrainian, loaded.
(./puthesis.cls
Document Class: puthesis 2011/02/16 v1.4.2 Princeton University Thesis class
(/usr/share/texmf/tex/latex/setspace/setspace.sty
Package: setspace 2000/12/01 6.7 Contributed and Supported LaTeX2e package

Package: `setspace' 6.7 <2000/12/01>
) (/usr/share/texmf/tex/latex/xcolor/xcolor.sty
Package: xcolor 2007/01/21 v2.11 LaTeX color extensions (UK)

(/usr/share/texmf/tex/latex/config/color.cfg
File: color.cfg 2007/01/18 v1.5 color configuration of teTeX/TeXLive
)
Package xcolor Info: Driver file: pdftex.def on input line 225.

(/usr/share/texmf/tex/latex/pdftex-def/pdftex.def
File: pdftex.def 2007/01/08 v0.04d Graphics/color for pdfTeX
\Gread@gobject=\count79
)
Package xcolor Info: Model `cmy' substituted by `cmy0' on input line 1337.
Package xcolor Info: Model `hsb' substituted by `rgb' on input line 1341.
Package xcolor Info: Model `RGB' extended on input line 1353.
Package xcolor Info: Model `HTML' substituted by `rgb' on input line 1355.
Package xcolor Info: Model `Hsb' substituted by `hsb' on input line 1356.
Package xcolor Info: Model `tHsb' substituted by `hsb' on input line 1357.
Package xcolor Info: Model `HSB' substituted by `hsb' on input line 1358.
Package xcolor Info: Model `Gray' substituted by `gray' on input line 1359.
Package xcolor Info: Model `wave' substituted by `hsb' on input line 1360.
)
\c@subyear=\count80

(/usr/share/texmf/tex/latex/base/report.cls
Document Class: report 2005/09/16 v1.4f Standard LaTeX document class
(/usr/share/texmf/tex/latex/base/size10.clo
File: size10.clo 2005/09/16 v1.4f Standard LaTeX file (size option)
)
\c@part=\count81
\c@chapter=\count82
\c@section=\count83
\c@subsection=\count84
\c@subsubsection=\count85
\c@paragraph=\count86
\c@subparagraph=\count87
\c@figure=\count88
\c@table=\count89
\abovecaptionskip=\skip41
\belowcaptionskip=\skip42
\bibindent=\dimen102
))
(/usr/share/texmf/tex/latex/graphics/graphicx.sty
Package: graphicx 1999/02/16 v1.0f Enhanced LaTeX Graphics (DPC,SPQR)

(/usr/share/texmf/tex/latex/graphics/keyval.sty
Package: keyval 1999/03/16 v1.13 key=value parser (DPC)
\KV@toks@=\toks14
)
(/usr/share/texmf/tex/latex/graphics/graphics.sty
Package: graphics 2006/02/20 v1.0o Standard LaTeX Graphics (DPC,SPQR)

(/usr/share/texmf/tex/latex/graphics/trig.sty
Package: trig 1999/03/16 v1.09 sin cos tan (DPC)
)
(/usr/share/texmf/tex/latex/config/graphics.cfg
File: graphics.cfg 2007/01/18 v1.5 graphics configuration of teTeX/TeXLive
)
Package graphics Info: Driver file: pdftex.def on input line 90.
)
\Gin@req@height=\dimen103
\Gin@req@width=\dimen104
)
(/usr/share/texmf/tex/latex/amsmath/amsmath.sty
Package: amsmath 2000/07/18 v2.13 AMS math features
\@mathmargin=\skip43

For additional information on amsmath, use the `?' option.
(/usr/share/texmf/tex/latex/amsmath/amstext.sty
Package: amstext 2000/06/29 v2.01

(/usr/share/texmf/tex/latex/amsmath/amsgen.sty
File: amsgen.sty 1999/11/30 v2.0
\@emptytoks=\toks15
\ex@=\dimen105
))
(/usr/share/texmf/tex/latex/amsmath/amsbsy.sty
Package: amsbsy 1999/11/29 v1.2d
\pmbraise@=\dimen106
)
(/usr/share/texmf/tex/latex/amsmath/amsopn.sty
Package: amsopn 1999/12/14 v2.01 operator names
)
\inf@bad=\count90
LaTeX Info: Redefining \frac on input line 211.
\uproot@=\count91
\leftroot@=\count92
LaTeX Info: Redefining \overline on input line 307.
\classnum@=\count93
\DOTSCASE@=\count94
LaTeX Info: Redefining \ldots on input line 379.
LaTeX Info: Redefining \dots on input line 382.
LaTeX Info: Redefining \cdots on input line 467.
\Mathstrutbox@=\box26
\strutbox@=\box27
\big@size=\dimen107
LaTeX Font Info:    Redeclaring font encoding OML on input line 567.
LaTeX Font Info:    Redeclaring font encoding OMS on input line 568.
\macc@depth=\count95
\c@MaxMatrixCols=\count96
\dotsspace@=\muskip10
\c@parentequation=\count97
\dspbrk@lvl=\count98
\tag@help=\toks16
\row@=\count99
\column@=\count100
\maxfields@=\count101
\andhelp@=\toks17
\eqnshift@=\dimen108
\alignsep@=\dimen109
\tagshift@=\dimen110
\tagwidth@=\dimen111
\totwidth@=\dimen112
\lineht@=\dimen113
\@envbody=\toks18
\multlinegap=\skip44
\multlinetaggap=\skip45
\mathdisplay@stack=\toks19
LaTeX Info: Redefining \[ on input line 2666.
LaTeX Info: Redefining \] on input line 2667.
)
(/usr/share/texmf/tex/latex/amsfonts/amsfonts.sty
Package: amsfonts 2001/10/25 v2.2f
\symAMSa=\mathgroup4
\symAMSb=\mathgroup5
LaTeX Font Info:    Overwriting math alphabet `\mathfrak' in version `bold'
(Font)                  U/euf/m/n --> U/euf/b/n on input line 132.
)
(/usr/share/texmf/tex/latex/tools/bm.sty
Package: bm 2004/02/26 v1.1c Bold Symbol Support (DPC/FMi)
\symboldoperators=\mathgroup6
\symboldletters=\mathgroup7
\symboldsymbols=\mathgroup8
LaTeX Font Info:    Redeclaring math alphabet \mathbf on input line 137.
LaTeX Info: Redefining \bm on input line 203.
)
(/usr/share/texmf/tex/latex/natbib/natbib.sty
Package: natbib 2007/02/05 8.0 (PWD)
\bibhang=\skip46
\bibsep=\skip47
LaTeX Info: Redefining \cite on input line 602.
\c@NAT@ctr=\count102
) (./puthesis.aux)
\openout1 = `puthesis.aux'.

LaTeX Font Info:    Checking defaults for OML/cmm/m/it on input line 89.
LaTeX Font Info:    ... okay on input line 89.
LaTeX Font Info:    Checking defaults for T1/cmr/m/n on input line 89.
LaTeX Font Info:    ... okay on input line 89.
LaTeX Font Info:    Checking defaults for OT1/cmr/m/n on input line 89.
LaTeX Font Info:    ... okay on input line 89.
LaTeX Font Info:    Checking defaults for OMS/cmsy/m/n on input line 89.
LaTeX Font Info:    ... okay on input line 89.
LaTeX Font Info:    Checking defaults for OMX/cmex/m/n on input line 89.
LaTeX Font Info:    ... okay on input line 89.
LaTeX Font Info:    Checking defaults for U/cmr/m/n on input line 89.
LaTeX Font Info:    ... okay on input line 89.
 [1

{/usr/share/texmf/fonts/map/pdftex/updmap/pdftex.map}]
LaTeX Font Info:    Try loading font information for OMS+cmr on input line 89.

(/usr/share/texmf/tex/latex/base/omscmr.fd
File: omscmr.fd 1999/05/25 v2.5h Standard LaTeX font definitions
)
LaTeX Font Info:    Font shape `OMS/cmr/m/n' in size <10> not available
(Font)              Font shape `OMS/cmsy/m/n' tried instead on input line 89.
 [2

] [3

] [4

] [5

] (./puthesis.toc)
\tf@toc=\write3
\openout3 = `puthesis.toc'.


[6


]
Chapter 1.
(./chapter_introduction/introduction.tex [1





]
Chapter 2.
) (./chapter_introductory_material/introductory_material.tex [2

] [3]
Chapter 3.

LaTeX Warning: Reference `fig:table:notation' on page 4 undefined on input line
 12.

LaTeX Font Info:    Try loading font information for U+msa on input line 15.
(/usr/share/texmf/tex/latex/amsfonts/umsa.fd
File: umsa.fd 2002/01/19 v2.2g AMS font definitions
)
LaTeX Font Info:    Try loading font information for U+msb on input line 15.

(/usr/share/texmf/tex/latex/amsfonts/umsb.fd
File: umsb.fd 2002/01/19 v2.2g AMS font definitions
)

LaTeX Warning: Reference `fig:data_analysis_pipeline' on page 4 undefined on in
put line 31.

[4

]

Package natbib Warning: Citation `chaney:2012' on page 5 undefined on input lin
e 42.


LaTeX Warning: Reference `lvm:matching' on page 5 undefined on input line 82.

[5]

Package natbib Warning: Citation `changrtl:2009' on page 6 undefined on input l
ine 91.


Package natbib Warning: Citation `grimmer:submitted' on page 6 undefined on inp
ut line 93.

[6]) (./chapter_influence/chapter_influence.tex [7]
Chapter 4.
(./chapter_influence/sec_intro.tex

Package natbib Warning: Citation `garfield:2002' on page 8 undefined on input l
ine 18.


Package natbib Warning: Citation `brin:1998' on page 8 undefined on input line 
23.

[8

]

Package natbib Warning: Citation `blei:2006' on page 9 undefined on input line 
48.

) (./chapter_influence/sec_model.tex

Package pdftex.def Warning: Option `bb' does not make sense,
(pdftex.def)                using `viewport' instead on input line 7.

<chapter_influence/figures/dtm_gm.pdf, id=55, 341.275pt x 892.33376pt>
File: chapter_influence/figures/dtm_gm.pdf Graphic file (type pdf)

<use chapter_influence/figures/dtm_gm.pdf>

Package pdftex.def Warning: Option `bb' does not make sense,
(pdftex.def)                using `viewport' instead on input line 8.

<chapter_influence/figures/docinf_gm.pdf, id=56, 341.275pt x 892.33376pt>
File: chapter_influence/figures/docinf_gm.pdf Graphic file (type pdf)

<use chapter_influence/figures/docinf_gm.pdf>

Package natbib Warning: Citation `blei:2006' on page 9 undefined on input line 
22.

[9 <./chapter_influence/figures/dtm_gm.pdf> <./chapter_influence/figures/docinf
_gm.pdf>]

LaTeX Warning: Reference `eq:logistic-normal' on page 10 undefined on input lin
e 49.


LaTeX Warning: Reference `eq:softmax' on page 10 undefined on input line 50.


LaTeX Warning: Reference `sec:results' on page 10 undefined on input line 89.


Package natbib Warning: Citation `blei:2003' on page 10 undefined on input line
 100.

[10]

LaTeX Warning: Reference `eq:logistic-normal' on page 11 undefined on input lin
e 112.


LaTeX Warning: Reference `fig:gm' on page 11 undefined on input line 128.


Package natbib Warning: Citation `porter:2005' on page 11 undefined on input li
ne 133.


LaTeX Warning: Reference `sec:results' on page 11 undefined on input line 135.


Package natbib Warning: Citation `osareh:1996' on page 11 undefined on input li
ne 149.


Package natbib Warning: Citation `borner:2003' on page 11 undefined on input li
ne 151.


Package natbib Warning: Citation `tang:2009' on page 11 undefined on input line
 157.


Package natbib Warning: Citation `lokker:2008' on page 11 undefined on input li
ne 157.


Package natbib Warning: Citation `nallapati:2008' on page 11 undefined on input
 line 162.


Package natbib Warning: Citation `chang:2009' on page 11 undefined on input lin
e 162.


Package natbib Warning: Citation `dietz:2007' on page 11 undefined on input lin
e 162.


Package natbib Warning: Citation `Cohn01themissing' on page 11 undefined on inp
ut line 162.


Package natbib Warning: Citation `mcnee:2002' on page 11 undefined on input lin
e 163.


Package natbib Warning: Citation `ibanez:2009' on page 11 undefined on input li
ne 163.


Package natbib Warning: Citation `qazvinian:2008' on page 11 undefined on input
 line 165.


Package natbib Warning: Citation `mann:2006' on page 11 undefined on input line
 166.

[11]

Package natbib Warning: Citation `leskovec:2009' on page 12 undefined on input 
line 179.


Package natbib Warning: Citation `shaparenko:2007' on page 12 undefined on inpu
t line 182.


Package natbib Warning: Citation `shaparenko:2007' on page 12 undefined on inpu
t line 187.

) (./chapter_influence/sec_inference.tex

Package natbib Warning: Citation `jordan:1999' on page 12 undefined on input li
ne 14.


Package natbib Warning: Citation `blei:2003' on page 12 undefined on input line
 20.


Package natbib Warning: Citation `blei:2006' on page 12 undefined on input line
 27.

[12]

Package natbib Warning: Citation `blei:2006' on page 13 undefined on input line
 82.

[13]

Package natbib Warning: Citation `blei:2006' on page 14 undefined on input line
 116.

[14]

Package natbib Warning: Citation `blei:2003' on page 15 undefined on input line
 177.


LaTeX Font Warning: Command \small invalid in math mode on input line 189.

) (./chapter_influence/sec_experiments.tex [15]

Package natbib Warning: Citation `bird:2008' on page 16 undefined on input line
 55.


Package natbib Warning: Citation `Radev:2009' on page 16 undefined on input lin
e 59.


Package natbib Warning: Citation `Thompson:2009' on page 16 undefined on input 
line 72.

[16]
<chapter_influence/figures/results_correlation.pdf, id=97, 505.89pt x 180.675pt
>
File: chapter_influence/figures/results_correlation.pdf Graphic file (type pdf)

 <use chapter_influence/figures/results_correlation.pdf>
<chapter_influence/figures/results_roc.pdf, id=98, 505.89pt x 180.675pt>
File: chapter_influence/figures/results_roc.pdf Graphic file (type pdf)

<use chapter_influence/figures/results_roc.pdf>

LaTeX Warning: Reference `fig:results' on page 17 undefined on input line 191.


LaTeX Warning: Reference `eq:score' on page 17 undefined on input line 192.

[17 <./chapter_influence/figures/results_correlation.pdf> <./chapter_influence/
figures/results_roc.pdf>]

LaTeX Warning: Reference `fig:results' on page 18 undefined on input line 208.

[18]

Package natbib Warning: Citation `brown:1993' on page 19 undefined on input lin
e 295.


Package natbib Warning: Citation `brown:1993' on page 19 undefined on input lin
e 301.


LaTeX Warning: Reference `fig:words' on page 19 undefined on input line 308.


Package natbib Warning: Citation `marcus:1993' on page 19 undefined on input li
ne 318.


Package natbib Warning: Citation `marcus:1993' on page 19 undefined on input li
ne 326.

<chapter_influence/figures/acl_brown.pdf, id=114, 505.89pt x 505.89pt>
File: chapter_influence/figures/acl_brown.pdf Graphic file (type pdf)

<use chapter_influence/figures/acl_brown.pdf>
<chapter_influence/figures/nature_cloning.pdf, id=115, 505.89pt x 505.89pt>
File: chapter_influence/figures/nature_cloning.pdf Graphic file (type pdf)

<use chapter_influence/figures/nature_cloning.pdf>
Overfull \hbox (6.65149pt too wide) in paragraph at lines 339--350
[][]
 []


Package natbib Warning: Citation `brown:1993' on page 19 undefined on input lin
e 350.


Package natbib Warning: Citation `toole:1984' on page 19 undefined on input lin
e 350.


Package natbib Warning: Citation `brown:1993' on page 19 undefined on input lin
e 350.


Package natbib Warning: Citation `toole:1984' on page 19 undefined on input lin
e 350.


Package natbib Warning: Citation `Nature.success:1969' on page 19 undefined on 
input line 367.

[19]

Package natbib Warning: Citation `NSF.website:2010' on page 20 undefined on inp
ut line 378.


Package natbib Warning: Citation `toole:1984' on page 20 undefined on input lin
e 391.


LaTeX Warning: Reference `fig:words' on page 20 undefined on input line 394.

) (./chapter_influence/sec_parallel.tex

LaTeX Warning: Reference `sec:influence_inference' on page 20 undefined on inpu
t line 4.

[20 <./chapter_influence/figures/acl_brown.pdf> <./chapter_influence/figures/na
ture_cloning.pdf>] [21]))
(./chapter_spatial_voting_with_text/chapter_spatial_voting_with_text.tex
[22]
Chapter 5.
) (./chapter_dissent/chapter_dissent.tex [23

]
Chapter 6.

Overfull \hbox (3.48286pt too wide) in paragraph at lines 3--3
[]\OT1/cmr/bx/n/14.4 Introduction: De-ci-sions and in-flu-ence in the higher co
urts 
 []

) (./chapter_foreign_relations/chapter_foreign_relations.tex [24

]
Chapter 7.
) (./chapter_appendix/chapter_appendix.tex [25

] [26]
Chapter 8.
) (./puthesis.bbl)

Package natbib Warning: There were undefined citations.

[27

] (./puthesis.aux)

LaTeX Warning: There were undefined references.


LaTeX Warning: Label(s) may have changed. Rerun to get cross-references right.

 ) 
Here is how much of TeX's memory you used:
 2339 strings out of 256216
 28630 string characters out of 1917072
 91463 words of memory out of 1500000
 5541 multiletter control sequences out of 10000+200000
 17082 words of font info for 62 fonts, out of 1200000 for 2000
 645 hyphenation exceptions out of 8191
 30i,16n,37p,365b,313s stack positions out of 5000i,500n,6000p,200000b,15000s
</usr/share/texmf/fonts/type1/bluesky/cm/cmbx10.pfb></usr/share/texmf/fonts/t
ype1/bluesky/cm/cmbx12.pfb></usr/share/texmf/fonts/type1/bluesky/cm/cmbxti10.pf
b></usr/share/texmf/fonts/type1/bluesky/cm/cmcsc10.pfb></usr/share/texmf/fonts/
type1/bluesky/cm/cmex10.pfb></usr/share/texmf/fonts/type1/bluesky/cm/cmmi10.pfb
></usr/share/texmf/fonts/type1/bluesky/cm/cmmi5.pfb></usr/share/texmf/fonts/typ
e1/bluesky/cm/cmmi7.pfb></usr/share/texmf/fonts/type1/bluesky/cm/cmmib10.pfb></
usr/share/texmf/fonts/type1/bluesky/ams/cmmib7.pfb></usr/share/texmf/fonts/type
1/bluesky/cm/cmr10.pfb></usr/share/texmf/fonts/type1/bluesky/cm/cmr5.pfb></usr/
share/texmf/fonts/type1/bluesky/cm/cmr6.pfb></usr/share/texmf/fonts/type1/blues
ky/cm/cmr7.pfb></usr/share/texmf/fonts/type1/bluesky/cm/cmr8.pfb></usr/share/te
xmf/fonts/type1/bluesky/cm/cmsy10.pfb></usr/share/texmf/fonts/type1/bluesky/cm/
cmsy5.pfb></usr/share/texmf/fonts/type1/bluesky/cm/cmsy7.pfb></usr/share/texmf/
fonts/type1/bluesky/cm/cmti10.pfb></usr/share/texmf/fonts/type1/public/cmex/fme
x7.pfb></usr/share/texmf/fonts/type1/bluesky/ams/msbm10.pfb>
Output written on puthesis.pdf (33 pages, 369701 bytes).
PDF statistics:
 221 PDF objects out of 1000 (max. 8388607)
 0 named destinations out of 1000 (max. 131072)
 31 words of extra memory for PDF output out of 10000 (max. 10000000)

