This is pdfTeXk, Version 3.1415926-1.40.9 (Web2C 7.5.7) (format=pdflatex 2009.3.27)  6 JUN 2011 21:21
entering extended mode
 %&-line parsing enabled.
**chapter_doc
(./chapter_doc.tex
LaTeX2e <2005/12/01>
Babel <v3.8l> and hyphenation patterns for english, usenglishmax, dumylang, noh
yphenation, german-x-2008-06-18, ngerman-x-2008-06-18, ancientgreek, ibycus, ar
abic, basque, bulgarian, catalan, pinyin, coptic, croatian, czech, danish, dutc
h, esperanto, estonian, farsi, finnish, french, galician, german, ngerman, mono
greek, greek, hungarian, icelandic, indonesian, interlingua, irish, italian, la
tin, lithuanian, mongolian, mongolian2a, bokmal, nynorsk, polish, portuguese, r
omanian, russian, sanskrit, serbian, slovak, slovenian, spanish, swedish, turki
sh, ukenglish, ukrainian, uppersorbian, welsh, loaded.
(/.autofs/cmnusr/local/texlive/2008/texmf-dist/tex/latex/base/article.cls
Document Class: article 2005/09/16 v1.4f Standard LaTeX document class
(/.autofs/cmnusr/local/texlive/2008/texmf-dist/tex/latex/base/size10.clo
File: size10.clo 2005/09/16 v1.4f Standard LaTeX file (size option)
)
\c@part=\count79
\c@section=\count80
\c@subsection=\count81
\c@subsubsection=\count82
\c@paragraph=\count83
\c@subparagraph=\count84
\c@figure=\count85
\c@table=\count86
\abovecaptionskip=\skip41
\belowcaptionskip=\skip42
\bibindent=\dimen102
)
(/.autofs/cmnusr/local/texlive/2008/texmf-dist/tex/latex/graphics/graphicx.sty
Package: graphicx 1999/02/16 v1.0f Enhanced LaTeX Graphics (DPC,SPQR)

(/.autofs/cmnusr/local/texlive/2008/texmf-dist/tex/latex/graphics/keyval.sty
Package: keyval 1999/03/16 v1.13 key=value parser (DPC)
\KV@toks@=\toks14
)
(/.autofs/cmnusr/local/texlive/2008/texmf-dist/tex/latex/graphics/graphics.sty
Package: graphics 2006/02/20 v1.0o Standard LaTeX Graphics (DPC,SPQR)

(/.autofs/cmnusr/local/texlive/2008/texmf-dist/tex/latex/graphics/trig.sty
Package: trig 1999/03/16 v1.09 sin cos tan (DPC)
)
(/.autofs/cmnusr/local/texlive/2008/texmf/tex/latex/config/graphics.cfg
File: graphics.cfg 2007/01/18 v1.5 graphics configuration of teTeX/TeXLive
)
Package graphics Info: Driver file: pdftex.def on input line 90.

(/.autofs/cmnusr/local/texlive/2008/texmf-dist/tex/latex/pdftex-def/pdftex.def
File: pdftex.def 2008/09/08 v0.04l Graphics/color for pdfTeX
\Gread@gobject=\count87
))
\Gin@req@height=\dimen103
\Gin@req@width=\dimen104
) (/.autofs/cmnusr/local/texlive/2008/texmf-dist/tex/latex/amsmath/amsmath.sty
Package: amsmath 2000/07/18 v2.13 AMS math features
\@mathmargin=\skip43
For additional information on amsmath, use the `?' option.
(/.autofs/cmnusr/local/texlive/2008/texmf-dist/tex/latex/amsmath/amstext.sty
Package: amstext 2000/06/29 v2.01

(/.autofs/cmnusr/local/texlive/2008/texmf-dist/tex/latex/amsmath/amsgen.sty
File: amsgen.sty 1999/11/30 v2.0
\@emptytoks=\toks15
\ex@=\dimen105
))
(/.autofs/cmnusr/local/texlive/2008/texmf-dist/tex/latex/amsmath/amsbsy.sty
Package: amsbsy 1999/11/29 v1.2d
\pmbraise@=\dimen106
)
(/.autofs/cmnusr/local/texlive/2008/texmf-dist/tex/latex/amsmath/amsopn.sty
Package: amsopn 1999/12/14 v2.01 operator names
)
\inf@bad=\count88
LaTeX Info: Redefining \frac on input line 211.
\uproot@=\count89
\leftroot@=\count90
LaTeX Info: Redefining \overline on input line 307.
\classnum@=\count91
\DOTSCASE@=\count92
LaTeX Info: Redefining \ldots on input line 379.
LaTeX Info: Redefining \dots on input line 382.
LaTeX Info: Redefining \cdots on input line 467.
\Mathstrutbox@=\box26
\strutbox@=\box27
\big@size=\dimen107
LaTeX Font Info:    Redeclaring font encoding OML on input line 567.
LaTeX Font Info:    Redeclaring font encoding OMS on input line 568.
\macc@depth=\count93
\c@MaxMatrixCols=\count94
\dotsspace@=\muskip10
\c@parentequation=\count95
\dspbrk@lvl=\count96
\tag@help=\toks16
\row@=\count97
\column@=\count98
\maxfields@=\count99
\andhelp@=\toks17
\eqnshift@=\dimen108
\alignsep@=\dimen109
\tagshift@=\dimen110
\tagwidth@=\dimen111
\totwidth@=\dimen112
\lineht@=\dimen113
\@envbody=\toks18
\multlinegap=\skip44
\multlinetaggap=\skip45
\mathdisplay@stack=\toks19
LaTeX Info: Redefining \[ on input line 2666.
LaTeX Info: Redefining \] on input line 2667.
)
(/.autofs/cmnusr/local/texlive/2008/texmf-dist/tex/latex/amsfonts/amsfonts.sty
Package: amsfonts 2001/10/25 v2.2f
\symAMSa=\mathgroup4
\symAMSb=\mathgroup5
LaTeX Font Info:    Overwriting math alphabet `\mathfrak' in version `bold'
(Font)                  U/euf/m/n --> U/euf/b/n on input line 132.
) (/.autofs/cmnusr/local/texlive/2008/texmf-dist/tex/latex/tools/bm.sty
Package: bm 2004/02/26 v1.1c Bold Symbol Support (DPC/FMi)
\symboldoperators=\mathgroup6
\symboldletters=\mathgroup7
\symboldsymbols=\mathgroup8
LaTeX Font Info:    Redeclaring math alphabet \mathbf on input line 137.
LaTeX Info: Redefining \bm on input line 203.
)
(/.autofs/cmnusr/local/texlive/2008/texmf-dist/tex/latex/natbib/natbib.sty
Package: natbib 2009/02/02 8.3 (PWD, AO)
\bibhang=\skip46
\bibsep=\skip47
LaTeX Info: Redefining \cite on input line 694.
\c@NAT@ctr=\count100
)
(/.autofs/cmnusr/local/texlive/2008/texmf-dist/tex/latex/multirow/multirow.sty
\bigstrutjot=\dimen114
) (./chapter_doc.aux

LaTeX Warning: Label `item:ideal_point' multiply defined.

)
\openout1 = `chapter_doc.aux'.

LaTeX Font Info:    Checking defaults for OML/cmm/m/it on input line 33.
LaTeX Font Info:    ... okay on input line 33.
LaTeX Font Info:    Checking defaults for T1/cmr/m/n on input line 33.
LaTeX Font Info:    ... okay on input line 33.
LaTeX Font Info:    Checking defaults for OT1/cmr/m/n on input line 33.
LaTeX Font Info:    ... okay on input line 33.
LaTeX Font Info:    Checking defaults for OMS/cmsy/m/n on input line 33.
LaTeX Font Info:    ... okay on input line 33.
LaTeX Font Info:    Checking defaults for OMX/cmex/m/n on input line 33.
LaTeX Font Info:    ... okay on input line 33.
LaTeX Font Info:    Checking defaults for U/cmr/m/n on input line 33.
LaTeX Font Info:    ... okay on input line 33.
 (/.autofs/cmnusr/local/texlive/2008/texmf-dist/tex/context/base/supp-pdf.tex
[Loading MPS to PDF converter (version 2006.09.02).]
\scratchcounter=\count101
\scratchdimen=\dimen115
\scratchbox=\box28
\nofMPsegments=\count102
\nofMParguments=\count103
\everyMPshowfont=\toks20
\MPscratchCnt=\count104
\MPscratchDim=\dimen116
\MPnumerator=\count105
\everyMPtoPDFconversion=\toks21
) (./ip_regression.tex
LaTeX Font Info:    Try loading font information for U+msa on input line 7.

(/.autofs/cmnusr/local/texlive/2008/texmf-dist/tex/latex/amsfonts/umsa.fd
File: umsa.fd 2002/01/19 v2.2g AMS font definitions
)
LaTeX Font Info:    Try loading font information for U+msb on input line 7.

(/.autofs/cmnusr/local/texlive/2008/texmf-dist/tex/latex/amsfonts/umsb.fd
File: umsb.fd 2002/01/19 v2.2g AMS font definitions
)
Overfull \hbox (9.77345pt too wide) detected at line 11
[] [] [] [] \OML/cmm/m/it/10 p\OT1/cmr/m/n/10 (\OML/cmm/m/it/10 v[]\OMS/cmsy/m/
n/10 j\OML/cmm/m/it/10 a[]; b[]; x[]\OT1/cmr/m/n/10 ) \OMS/cmsy/m/n/10 ^^@ []\O
T1/cmr/m/n/10 (\OML/cmm/m/it/10 ^^U[]a[]a[] \OT1/cmr/m/n/10 + \OML/cmm/m/it/10 
^^U[]b[]b[]\OT1/cmr/m/n/10 ) \OMS/cmsy/m/n/10 ^^@ [] \OML/cmm/m/it/10 ^^U[]x[]x
[];[]
 []


Overfull \hbox (64.00067pt too wide) in paragraph at lines 64--106
[][] 
 []

<figures/legis_src_ip_regression_user_ips.pdf, id=1, 505.89pt x 505.89pt>
File: figures/legis_src_ip_regression_user_ips.pdf Graphic file (type pdf)

<use figures/legis_src_ip_regression_user_ips.pdf>
Overfull \hbox (0.9431pt too wide) in paragraph at lines 117--125
 \OT1/cmr/bx/n/10 Semiome-trie in-ter-pre-ta-tion[] \OT1/cmr/m/n/10 A par-tic-u
-larly nice in-ter-pre-ta-tion of ideal point
 []

[1

{/.autofs/cmnusr/local/texlive/2008/texmf-var/fonts/map/pdftex/updmap/pdftex.ma
p}] [2] [3 <./figures/legis_src_ip_regression_user_ips.pdf>])
(./chapter_doc.bbl) [4] (./chapter_doc.aux)

LaTeX Warning: There were multiply-defined labels.

 ) 
Here is how much of TeX's memory you used:
 2048 strings out of 493876
 25804 string characters out of 1149494
 91388 words of memory out of 3000000
 5300 multiletter control sequences out of 10000+50000
 14005 words of font info for 52 fonts, out of 3000000 for 5000
 714 hyphenation exceptions out of 8191
 27i,10n,22p,259b,206s stack positions out of 5000i,500n,10000p,200000b,50000s
</.autofs/cmnusr/local/texlive/2008/texmf-dist/fonts/type1/bluesky/cm/cmbx10.
pfb></.autofs/cmnusr/local/texlive/2008/texmf-dist/fonts/type1/bluesky/cm/cmbx1
2.pfb></.autofs/cmnusr/local/texlive/2008/texmf-dist/fonts/type1/bluesky/cm/cme
x10.pfb></.autofs/cmnusr/local/texlive/2008/texmf-dist/fonts/type1/bluesky/cm/c
mmi10.pfb></.autofs/cmnusr/local/texlive/2008/texmf-dist/fonts/type1/bluesky/cm
/cmmi5.pfb></.autofs/cmnusr/local/texlive/2008/texmf-dist/fonts/type1/bluesky/c
m/cmmi7.pfb></.autofs/cmnusr/local/texlive/2008/texmf-dist/fonts/type1/bluesky/
cm/cmmib10.pfb></.autofs/cmnusr/local/texlive/2008/texmf-dist/fonts/type1/blues
ky/ams/cmmib7.pfb></.autofs/cmnusr/local/texlive/2008/texmf-dist/fonts/type1/bl
uesky/cm/cmr10.pfb></.autofs/cmnusr/local/texlive/2008/texmf-dist/fonts/type1/b
luesky/cm/cmr6.pfb></.autofs/cmnusr/local/texlive/2008/texmf-dist/fonts/type1/b
luesky/cm/cmr7.pfb></.autofs/cmnusr/local/texlive/2008/texmf-dist/fonts/type1/b
luesky/cm/cmr8.pfb></.autofs/cmnusr/local/texlive/2008/texmf-dist/fonts/type1/b
luesky/cm/cmsy10.pfb></.autofs/cmnusr/local/texlive/2008/texmf-dist/fonts/type1
/bluesky/cm/cmsy7.pfb></.autofs/cmnusr/local/texlive/2008/texmf-dist/fonts/type
1/bluesky/cm/cmti10.pfb></.autofs/cmnusr/local/texlive/2008/texmf-dist/fonts/ty
pe1/bluesky/ams/msbm10.pfb></.autofs/cmnusr/local/texlive/2008/texmf-dist/fonts
/type1/bluesky/ams/msbm7.pfb>
Output written on chapter_doc.pdf (4 pages, 351355 bytes).
PDF statistics:
 91 PDF objects out of 1000 (max. 8388607)
 0 named destinations out of 1000 (max. 131072)
 6 words of extra memory for PDF output out of 10000 (max. 10000000)

